{"/home/jorgen/Documents/LayeredLight/com.fabeljet.layeredlight/light-controller.ts": {"path":"/home/jorgen/Documents/LayeredLight/com.fabeljet.layeredlight/light-controller.ts","all":false,"statementMap":{"0":{"start":{"line":1,"column":0},"end":{"line":1,"column":40}},"1":{"start":{"line":2,"column":0},"end":{"line":2,"column":59}},"2":{"start":{"line":3,"column":0},"end":{"line":3,"column":0}},"3":{"start":{"line":4,"column":0},"end":{"line":4,"column":59}},"4":{"start":{"line":5,"column":0},"end":{"line":5,"column":42}},"5":{"start":{"line":6,"column":0},"end":{"line":6,"column":1}},"6":{"start":{"line":7,"column":0},"end":{"line":7,"column":0}},"7":{"start":{"line":8,"column":0},"end":{"line":8,"column":30}},"8":{"start":{"line":9,"column":0},"end":{"line":9,"column":41}},"9":{"start":{"line":10,"column":0},"end":{"line":10,"column":0}},"10":{"start":{"line":11,"column":0},"end":{"line":11,"column":57}},"11":{"start":{"line":12,"column":0},"end":{"line":12,"column":46}},"12":{"start":{"line":13,"column":0},"end":{"line":13,"column":3}},"13":{"start":{"line":14,"column":0},"end":{"line":14,"column":0}},"14":{"start":{"line":15,"column":0},"end":{"line":15,"column":85}},"15":{"start":{"line":16,"column":0},"end":{"line":16,"column":62}},"16":{"start":{"line":17,"column":0},"end":{"line":17,"column":22}},"17":{"start":{"line":18,"column":0},"end":{"line":18,"column":79}},"18":{"start":{"line":19,"column":0},"end":{"line":19,"column":13}},"19":{"start":{"line":20,"column":0},"end":{"line":20,"column":5}},"20":{"start":{"line":21,"column":0},"end":{"line":21,"column":0}},"21":{"start":{"line":22,"column":0},"end":{"line":22,"column":83}},"22":{"start":{"line":23,"column":0},"end":{"line":23,"column":160}},"23":{"start":{"line":24,"column":0},"end":{"line":24,"column":0}},"24":{"start":{"line":25,"column":0},"end":{"line":25,"column":9}},"25":{"start":{"line":26,"column":0},"end":{"line":26,"column":92}},"26":{"start":{"line":27,"column":0},"end":{"line":27,"column":32}},"27":{"start":{"line":28,"column":0},"end":{"line":28,"column":21}},"28":{"start":{"line":29,"column":0},"end":{"line":29,"column":45}},"29":{"start":{"line":30,"column":0},"end":{"line":30,"column":5}},"30":{"start":{"line":31,"column":0},"end":{"line":31,"column":3}},"31":{"start":{"line":32,"column":0},"end":{"line":32,"column":0}},"32":{"start":{"line":33,"column":0},"end":{"line":33,"column":52}},"33":{"start":{"line":34,"column":0},"end":{"line":34,"column":9}},"34":{"start":{"line":35,"column":0},"end":{"line":35,"column":76}},"35":{"start":{"line":36,"column":0},"end":{"line":36,"column":53}},"36":{"start":{"line":37,"column":0},"end":{"line":37,"column":21}},"37":{"start":{"line":38,"column":0},"end":{"line":38,"column":66}},"38":{"start":{"line":39,"column":0},"end":{"line":39,"column":5}},"39":{"start":{"line":40,"column":0},"end":{"line":40,"column":3}},"40":{"start":{"line":41,"column":0},"end":{"line":41,"column":0}},"41":{"start":{"line":42,"column":0},"end":{"line":42,"column":75}},"42":{"start":{"line":43,"column":0},"end":{"line":43,"column":52}},"43":{"start":{"line":44,"column":0},"end":{"line":44,"column":0}},"44":{"start":{"line":45,"column":0},"end":{"line":45,"column":27}},"45":{"start":{"line":46,"column":0},"end":{"line":46,"column":41}},"46":{"start":{"line":47,"column":0},"end":{"line":47,"column":55}},"47":{"start":{"line":48,"column":0},"end":{"line":48,"column":43}},"48":{"start":{"line":49,"column":0},"end":{"line":49,"column":38}},"49":{"start":{"line":50,"column":0},"end":{"line":50,"column":32}},"50":{"start":{"line":51,"column":0},"end":{"line":51,"column":25}},"51":{"start":{"line":52,"column":0},"end":{"line":52,"column":40}},"52":{"start":{"line":53,"column":0},"end":{"line":53,"column":50}},"53":{"start":{"line":54,"column":0},"end":{"line":54,"column":56}},"54":{"start":{"line":55,"column":0},"end":{"line":55,"column":63}},"55":{"start":{"line":56,"column":0},"end":{"line":56,"column":9}},"56":{"start":{"line":57,"column":0},"end":{"line":57,"column":38}},"57":{"start":{"line":58,"column":0},"end":{"line":58,"column":29}},"58":{"start":{"line":59,"column":0},"end":{"line":59,"column":25}},"59":{"start":{"line":60,"column":0},"end":{"line":60,"column":40}},"60":{"start":{"line":61,"column":0},"end":{"line":61,"column":50}},"61":{"start":{"line":62,"column":0},"end":{"line":62,"column":64}},"62":{"start":{"line":63,"column":0},"end":{"line":63,"column":9}},"63":{"start":{"line":64,"column":0},"end":{"line":64,"column":38}},"64":{"start":{"line":65,"column":0},"end":{"line":65,"column":26}},"65":{"start":{"line":66,"column":0},"end":{"line":66,"column":25}},"66":{"start":{"line":67,"column":0},"end":{"line":67,"column":40}},"67":{"start":{"line":68,"column":0},"end":{"line":68,"column":50}},"68":{"start":{"line":69,"column":0},"end":{"line":69,"column":9}},"69":{"start":{"line":70,"column":0},"end":{"line":70,"column":5}},"70":{"start":{"line":71,"column":0},"end":{"line":71,"column":3}},"71":{"start":{"line":72,"column":0},"end":{"line":72,"column":0}},"72":{"start":{"line":73,"column":0},"end":{"line":73,"column":34}},"73":{"start":{"line":74,"column":0},"end":{"line":74,"column":58}},"74":{"start":{"line":75,"column":0},"end":{"line":75,"column":20}},"75":{"start":{"line":76,"column":0},"end":{"line":76,"column":0}},"76":{"start":{"line":77,"column":0},"end":{"line":77,"column":34}},"77":{"start":{"line":78,"column":0},"end":{"line":78,"column":41}},"78":{"start":{"line":79,"column":0},"end":{"line":79,"column":34}},"79":{"start":{"line":80,"column":0},"end":{"line":80,"column":17}},"80":{"start":{"line":81,"column":0},"end":{"line":81,"column":7}},"81":{"start":{"line":82,"column":0},"end":{"line":82,"column":0}},"82":{"start":{"line":83,"column":0},"end":{"line":83,"column":52}},"83":{"start":{"line":84,"column":0},"end":{"line":84,"column":5}},"84":{"start":{"line":85,"column":0},"end":{"line":85,"column":0}},"85":{"start":{"line":86,"column":0},"end":{"line":86,"column":28}},"86":{"start":{"line":87,"column":0},"end":{"line":87,"column":17}},"87":{"start":{"line":88,"column":0},"end":{"line":88,"column":3}},"88":{"start":{"line":89,"column":0},"end":{"line":89,"column":0}},"89":{"start":{"line":90,"column":0},"end":{"line":90,"column":45}},"90":{"start":{"line":91,"column":0},"end":{"line":91,"column":44}},"91":{"start":{"line":92,"column":0},"end":{"line":92,"column":3}},"92":{"start":{"line":93,"column":0},"end":{"line":93,"column":1}},"93":{"start":{"line":94,"column":0},"end":{"line":94,"column":0}},"94":{"start":{"line":95,"column":0},"end":{"line":95,"column":31}}},"s":{"0":1,"1":1,"2":1,"3":8,"4":8,"5":8,"6":1,"7":1,"8":1,"9":1,"10":1,"11":6,"12":6,"13":1,"14":1,"15":2,"16":2,"17":0,"18":0,"19":0,"20":2,"21":2,"22":2,"23":2,"24":2,"25":2,"26":2,"27":2,"28":0,"29":0,"30":2,"31":1,"32":1,"33":2,"34":2,"35":2,"36":2,"37":0,"38":0,"39":2,"40":1,"41":1,"42":2,"43":2,"44":2,"45":0,"46":2,"47":0,"48":2,"49":0,"50":0,"51":0,"52":0,"53":0,"54":0,"55":0,"56":2,"57":0,"58":0,"59":0,"60":0,"61":0,"62":0,"63":2,"64":2,"65":2,"66":2,"67":2,"68":2,"69":2,"70":2,"71":1,"72":1,"73":2,"74":2,"75":2,"76":2,"77":2,"78":2,"79":0,"80":0,"81":2,"82":2,"83":2,"84":2,"85":2,"86":2,"87":2,"88":1,"89":1,"90":0,"91":0,"92":1,"93":1,"94":1},"branchMap":{"0":{"type":"branch","line":4,"loc":{"start":{"line":4,"column":0},"end":{"line":6,"column":1}},"locations":[{"start":{"line":4,"column":0},"end":{"line":6,"column":1}}]},"1":{"type":"branch","line":11,"loc":{"start":{"line":11,"column":2},"end":{"line":13,"column":3}},"locations":[{"start":{"line":11,"column":2},"end":{"line":13,"column":3}}]},"2":{"type":"branch","line":15,"loc":{"start":{"line":15,"column":2},"end":{"line":31,"column":3}},"locations":[{"start":{"line":15,"column":2},"end":{"line":31,"column":3}}]},"3":{"type":"branch","line":17,"loc":{"start":{"line":17,"column":21},"end":{"line":20,"column":5}},"locations":[{"start":{"line":17,"column":21},"end":{"line":20,"column":5}}]},"4":{"type":"branch","line":28,"loc":{"start":{"line":28,"column":6},"end":{"line":30,"column":5}},"locations":[{"start":{"line":28,"column":6},"end":{"line":30,"column":5}}]},"5":{"type":"branch","line":33,"loc":{"start":{"line":33,"column":2},"end":{"line":40,"column":3}},"locations":[{"start":{"line":33,"column":2},"end":{"line":40,"column":3}}]},"6":{"type":"branch","line":36,"loc":{"start":{"line":36,"column":42},"end":{"line":36,"column":49}},"locations":[{"start":{"line":36,"column":42},"end":{"line":36,"column":49}}]},"7":{"type":"branch","line":37,"loc":{"start":{"line":37,"column":6},"end":{"line":39,"column":5}},"locations":[{"start":{"line":37,"column":6},"end":{"line":39,"column":5}}]},"8":{"type":"branch","line":42,"loc":{"start":{"line":42,"column":2},"end":{"line":71,"column":3}},"locations":[{"start":{"line":42,"column":2},"end":{"line":71,"column":3}}]},"9":{"type":"branch","line":45,"loc":{"start":{"line":45,"column":26},"end":{"line":47,"column":5}},"locations":[{"start":{"line":45,"column":26},"end":{"line":47,"column":5}}]},"10":{"type":"branch","line":47,"loc":{"start":{"line":47,"column":54},"end":{"line":49,"column":5}},"locations":[{"start":{"line":47,"column":54},"end":{"line":49,"column":5}}]},"11":{"type":"branch","line":49,"loc":{"start":{"line":49,"column":37},"end":{"line":57,"column":5}},"locations":[{"start":{"line":49,"column":37},"end":{"line":57,"column":5}}]},"12":{"type":"branch","line":57,"loc":{"start":{"line":57,"column":37},"end":{"line":64,"column":5}},"locations":[{"start":{"line":57,"column":37},"end":{"line":64,"column":5}}]},"13":{"type":"branch","line":73,"loc":{"start":{"line":73,"column":2},"end":{"line":88,"column":3}},"locations":[{"start":{"line":73,"column":2},"end":{"line":88,"column":3}}]},"14":{"type":"branch","line":79,"loc":{"start":{"line":79,"column":33},"end":{"line":81,"column":7}},"locations":[{"start":{"line":79,"column":33},"end":{"line":81,"column":7}}]}},"b":{"0":[8],"1":[6],"2":[2],"3":[0],"4":[0],"5":[2],"6":[0],"7":[0],"8":[2],"9":[0],"10":[0],"11":[0],"12":[0],"13":[2],"14":[0]},"fnMap":{"0":{"name":"log","decl":{"start":{"line":4,"column":0},"end":{"line":6,"column":1}},"loc":{"start":{"line":4,"column":0},"end":{"line":6,"column":1}},"line":4},"1":{"name":"LightController","decl":{"start":{"line":11,"column":2},"end":{"line":13,"column":3}},"loc":{"start":{"line":11,"column":2},"end":{"line":13,"column":3}},"line":11},"2":{"name":"setCapabilityFloat","decl":{"start":{"line":15,"column":2},"end":{"line":31,"column":3}},"loc":{"start":{"line":15,"column":2},"end":{"line":31,"column":3}},"line":15},"3":{"name":"setOnOff","decl":{"start":{"line":33,"column":2},"end":{"line":40,"column":3}},"loc":{"start":{"line":33,"column":2},"end":{"line":40,"column":3}},"line":33},"4":{"name":"applySetting","decl":{"start":{"line":42,"column":2},"end":{"line":71,"column":3}},"loc":{"start":{"line":42,"column":2},"end":{"line":71,"column":3}},"line":42},"5":{"name":"applyScene","decl":{"start":{"line":73,"column":2},"end":{"line":88,"column":3}},"loc":{"start":{"line":73,"column":2},"end":{"line":88,"column":3}},"line":73},"6":{"name":"getLights","decl":{"start":{"line":90,"column":2},"end":{"line":92,"column":3}},"loc":{"start":{"line":90,"column":2},"end":{"line":92,"column":3}},"line":90}},"f":{"0":8,"1":6,"2":2,"3":2,"4":2,"5":2,"6":0}}
,"/home/jorgen/Documents/LayeredLight/com.fabeljet.layeredlight/light-engine.ts": {"path":"/home/jorgen/Documents/LayeredLight/com.fabeljet.layeredlight/light-engine.ts","all":false,"statementMap":{"0":{"start":{"line":1,"column":0},"end":{"line":1,"column":72}},"1":{"start":{"line":2,"column":0},"end":{"line":2,"column":53}},"2":{"start":{"line":3,"column":0},"end":{"line":3,"column":74}},"3":{"start":{"line":4,"column":0},"end":{"line":4,"column":0}},"4":{"start":{"line":5,"column":0},"end":{"line":5,"column":59}},"5":{"start":{"line":6,"column":0},"end":{"line":6,"column":42}},"6":{"start":{"line":7,"column":0},"end":{"line":7,"column":1}},"7":{"start":{"line":8,"column":0},"end":{"line":8,"column":0}},"8":{"start":{"line":9,"column":0},"end":{"line":9,"column":36}},"9":{"start":{"line":10,"column":0},"end":{"line":10,"column":24}},"10":{"start":{"line":11,"column":0},"end":{"line":11,"column":31}},"11":{"start":{"line":12,"column":0},"end":{"line":12,"column":1}},"12":{"start":{"line":13,"column":0},"end":{"line":13,"column":0}},"13":{"start":{"line":14,"column":0},"end":{"line":14,"column":26}},"14":{"start":{"line":15,"column":0},"end":{"line":15,"column":33}},"15":{"start":{"line":16,"column":0},"end":{"line":16,"column":39}},"16":{"start":{"line":17,"column":0},"end":{"line":17,"column":37}},"17":{"start":{"line":18,"column":0},"end":{"line":18,"column":43}},"18":{"start":{"line":19,"column":0},"end":{"line":19,"column":38}},"19":{"start":{"line":20,"column":0},"end":{"line":20,"column":51}},"20":{"start":{"line":21,"column":0},"end":{"line":21,"column":37}},"21":{"start":{"line":22,"column":0},"end":{"line":22,"column":39}},"22":{"start":{"line":23,"column":0},"end":{"line":23,"column":0}},"23":{"start":{"line":24,"column":0},"end":{"line":24,"column":42}},"24":{"start":{"line":25,"column":0},"end":{"line":25,"column":45}},"25":{"start":{"line":26,"column":0},"end":{"line":26,"column":51}},"26":{"start":{"line":27,"column":0},"end":{"line":27,"column":67}},"27":{"start":{"line":28,"column":0},"end":{"line":28,"column":0}},"28":{"start":{"line":29,"column":0},"end":{"line":29,"column":43}},"29":{"start":{"line":30,"column":0},"end":{"line":30,"column":80}},"30":{"start":{"line":31,"column":0},"end":{"line":31,"column":3}},"31":{"start":{"line":32,"column":0},"end":{"line":32,"column":0}},"32":{"start":{"line":33,"column":0},"end":{"line":33,"column":51}},"33":{"start":{"line":34,"column":0},"end":{"line":34,"column":46}},"34":{"start":{"line":35,"column":0},"end":{"line":35,"column":30}},"35":{"start":{"line":36,"column":0},"end":{"line":36,"column":0}},"36":{"start":{"line":37,"column":0},"end":{"line":37,"column":9}},"37":{"start":{"line":38,"column":0},"end":{"line":38,"column":47}},"38":{"start":{"line":39,"column":0},"end":{"line":39,"column":21}},"39":{"start":{"line":40,"column":0},"end":{"line":40,"column":44}},"40":{"start":{"line":41,"column":0},"end":{"line":41,"column":5}},"41":{"start":{"line":42,"column":0},"end":{"line":42,"column":3}},"42":{"start":{"line":43,"column":0},"end":{"line":43,"column":0}},"43":{"start":{"line":44,"column":0},"end":{"line":44,"column":52}},"44":{"start":{"line":45,"column":0},"end":{"line":45,"column":38}},"45":{"start":{"line":46,"column":0},"end":{"line":46,"column":3}},"46":{"start":{"line":47,"column":0},"end":{"line":47,"column":0}},"47":{"start":{"line":48,"column":0},"end":{"line":48,"column":11}},"48":{"start":{"line":49,"column":0},"end":{"line":49,"column":25}},"49":{"start":{"line":50,"column":0},"end":{"line":50,"column":41}},"50":{"start":{"line":51,"column":0},"end":{"line":51,"column":13}},"51":{"start":{"line":52,"column":0},"end":{"line":52,"column":5}},"52":{"start":{"line":53,"column":0},"end":{"line":53,"column":0}},"53":{"start":{"line":54,"column":0},"end":{"line":54,"column":80}},"54":{"start":{"line":55,"column":0},"end":{"line":55,"column":26}},"55":{"start":{"line":56,"column":0},"end":{"line":56,"column":0}},"56":{"start":{"line":57,"column":0},"end":{"line":57,"column":41}},"57":{"start":{"line":58,"column":0},"end":{"line":58,"column":34}},"58":{"start":{"line":59,"column":0},"end":{"line":59,"column":46}},"59":{"start":{"line":60,"column":0},"end":{"line":60,"column":9}},"60":{"start":{"line":61,"column":0},"end":{"line":61,"column":33}},"61":{"start":{"line":62,"column":0},"end":{"line":62,"column":0}},"62":{"start":{"line":63,"column":0},"end":{"line":63,"column":32}},"63":{"start":{"line":64,"column":0},"end":{"line":64,"column":52}},"64":{"start":{"line":65,"column":0},"end":{"line":65,"column":7}},"65":{"start":{"line":66,"column":0},"end":{"line":66,"column":3}},"66":{"start":{"line":67,"column":0},"end":{"line":67,"column":0}},"67":{"start":{"line":68,"column":0},"end":{"line":68,"column":10}},"68":{"start":{"line":69,"column":0},"end":{"line":69,"column":26}},"69":{"start":{"line":70,"column":0},"end":{"line":70,"column":41}},"70":{"start":{"line":71,"column":0},"end":{"line":71,"column":13}},"71":{"start":{"line":72,"column":0},"end":{"line":72,"column":5}},"72":{"start":{"line":73,"column":0},"end":{"line":73,"column":0}},"73":{"start":{"line":74,"column":0},"end":{"line":74,"column":32}},"74":{"start":{"line":75,"column":0},"end":{"line":75,"column":27}},"75":{"start":{"line":76,"column":0},"end":{"line":76,"column":0}},"76":{"start":{"line":77,"column":0},"end":{"line":77,"column":26}},"77":{"start":{"line":78,"column":0},"end":{"line":78,"column":37}},"78":{"start":{"line":79,"column":0},"end":{"line":79,"column":29}},"79":{"start":{"line":80,"column":0},"end":{"line":80,"column":5}},"80":{"start":{"line":81,"column":0},"end":{"line":81,"column":3}},"81":{"start":{"line":82,"column":0},"end":{"line":82,"column":0}},"82":{"start":{"line":83,"column":0},"end":{"line":83,"column":16}},"83":{"start":{"line":84,"column":0},"end":{"line":84,"column":9}},"84":{"start":{"line":85,"column":0},"end":{"line":85,"column":33}},"85":{"start":{"line":86,"column":0},"end":{"line":86,"column":0}},"86":{"start":{"line":87,"column":0},"end":{"line":87,"column":71}},"87":{"start":{"line":88,"column":0},"end":{"line":88,"column":47}},"88":{"start":{"line":89,"column":0},"end":{"line":89,"column":0}},"89":{"start":{"line":90,"column":0},"end":{"line":90,"column":76}},"90":{"start":{"line":91,"column":0},"end":{"line":91,"column":40}},"91":{"start":{"line":92,"column":0},"end":{"line":92,"column":0}},"92":{"start":{"line":93,"column":0},"end":{"line":93,"column":87}},"93":{"start":{"line":94,"column":0},"end":{"line":94,"column":0}},"94":{"start":{"line":95,"column":0},"end":{"line":95,"column":46}},"95":{"start":{"line":96,"column":0},"end":{"line":96,"column":35}},"96":{"start":{"line":97,"column":0},"end":{"line":97,"column":15}},"97":{"start":{"line":98,"column":0},"end":{"line":98,"column":7}},"98":{"start":{"line":99,"column":0},"end":{"line":99,"column":0}},"99":{"start":{"line":100,"column":0},"end":{"line":100,"column":40}},"100":{"start":{"line":101,"column":0},"end":{"line":101,"column":0}},"101":{"start":{"line":102,"column":0},"end":{"line":102,"column":53}},"102":{"start":{"line":103,"column":0},"end":{"line":103,"column":0}},"103":{"start":{"line":104,"column":0},"end":{"line":104,"column":42}},"104":{"start":{"line":105,"column":0},"end":{"line":105,"column":34}},"105":{"start":{"line":106,"column":0},"end":{"line":106,"column":21}},"106":{"start":{"line":107,"column":0},"end":{"line":107,"column":47}},"107":{"start":{"line":108,"column":0},"end":{"line":108,"column":5}},"108":{"start":{"line":109,"column":0},"end":{"line":109,"column":3}},"109":{"start":{"line":110,"column":0},"end":{"line":110,"column":0}},"110":{"start":{"line":111,"column":0},"end":{"line":111,"column":26}},"111":{"start":{"line":112,"column":0},"end":{"line":112,"column":9}},"112":{"start":{"line":113,"column":0},"end":{"line":113,"column":71}},"113":{"start":{"line":114,"column":0},"end":{"line":114,"column":47}},"114":{"start":{"line":115,"column":0},"end":{"line":115,"column":76}},"115":{"start":{"line":116,"column":0},"end":{"line":116,"column":0}},"116":{"start":{"line":117,"column":0},"end":{"line":117,"column":57}},"117":{"start":{"line":118,"column":0},"end":{"line":118,"column":0}},"118":{"start":{"line":119,"column":0},"end":{"line":119,"column":42}},"119":{"start":{"line":120,"column":0},"end":{"line":120,"column":32}},"120":{"start":{"line":121,"column":0},"end":{"line":121,"column":21}},"121":{"start":{"line":122,"column":0},"end":{"line":122,"column":47}},"122":{"start":{"line":123,"column":0},"end":{"line":123,"column":5}},"123":{"start":{"line":124,"column":0},"end":{"line":124,"column":3}},"124":{"start":{"line":125,"column":0},"end":{"line":125,"column":0}},"125":{"start":{"line":126,"column":0},"end":{"line":126,"column":32}},"126":{"start":{"line":127,"column":0},"end":{"line":127,"column":33}},"127":{"start":{"line":128,"column":0},"end":{"line":128,"column":3}},"128":{"start":{"line":129,"column":0},"end":{"line":129,"column":1}},"129":{"start":{"line":130,"column":0},"end":{"line":130,"column":0}},"130":{"start":{"line":131,"column":0},"end":{"line":131,"column":27}}},"s":{"0":1,"1":1,"2":1,"3":1,"4":13,"5":13,"6":13,"7":1,"8":1,"9":1,"10":1,"11":1,"12":1,"13":1,"14":1,"15":1,"16":1,"17":1,"18":1,"19":1,"20":1,"21":1,"22":1,"23":1,"24":6,"25":6,"26":6,"27":6,"28":6,"29":6,"30":6,"31":1,"32":1,"33":2,"34":2,"35":2,"36":2,"37":2,"38":2,"39":0,"40":0,"41":2,"42":1,"43":1,"44":5,"45":5,"46":1,"47":1,"48":0,"49":0,"50":0,"51":0,"52":0,"53":0,"54":0,"55":0,"56":0,"57":0,"58":0,"59":0,"60":0,"61":0,"62":0,"63":0,"64":0,"65":0,"66":1,"67":1,"68":0,"69":0,"70":0,"71":0,"72":0,"73":0,"74":0,"75":0,"76":0,"77":0,"78":0,"79":0,"80":0,"81":1,"82":1,"83":3,"84":3,"85":3,"86":3,"87":3,"88":3,"89":3,"90":3,"91":3,"92":3,"93":3,"94":3,"95":2,"96":2,"97":2,"98":1,"99":1,"100":1,"101":1,"102":1,"103":1,"104":1,"105":3,"106":0,"107":0,"108":3,"109":1,"110":1,"111":1,"112":1,"113":1,"114":1,"115":1,"116":1,"117":1,"118":1,"119":1,"120":1,"121":0,"122":0,"123":1,"124":1,"125":1,"126":2,"127":2,"128":1,"129":1,"130":1},"branchMap":{"0":{"type":"branch","line":5,"loc":{"start":{"line":5,"column":0},"end":{"line":7,"column":1}},"locations":[{"start":{"line":5,"column":0},"end":{"line":7,"column":1}}]},"1":{"type":"branch","line":24,"loc":{"start":{"line":24,"column":2},"end":{"line":31,"column":3}},"locations":[{"start":{"line":24,"column":2},"end":{"line":31,"column":3}}]},"2":{"type":"branch","line":27,"loc":{"start":{"line":27,"column":57},"end":{"line":27,"column":66}},"locations":[{"start":{"line":27,"column":57},"end":{"line":27,"column":66}}]},"3":{"type":"branch","line":33,"loc":{"start":{"line":33,"column":2},"end":{"line":42,"column":3}},"locations":[{"start":{"line":33,"column":2},"end":{"line":42,"column":3}}]},"4":{"type":"branch","line":39,"loc":{"start":{"line":39,"column":6},"end":{"line":41,"column":5}},"locations":[{"start":{"line":39,"column":6},"end":{"line":41,"column":5}}]},"5":{"type":"branch","line":44,"loc":{"start":{"line":44,"column":2},"end":{"line":46,"column":3}},"locations":[{"start":{"line":44,"column":2},"end":{"line":46,"column":3}}]},"6":{"type":"branch","line":83,"loc":{"start":{"line":83,"column":2},"end":{"line":109,"column":3}},"locations":[{"start":{"line":83,"column":2},"end":{"line":109,"column":3}}]},"7":{"type":"branch","line":95,"loc":{"start":{"line":95,"column":45},"end":{"line":98,"column":7}},"locations":[{"start":{"line":95,"column":45},"end":{"line":98,"column":7}}]},"8":{"type":"branch","line":99,"loc":{"start":{"line":99,"column":-1},"end":{"line":106,"column":13}},"locations":[{"start":{"line":99,"column":-1},"end":{"line":106,"column":13}}]},"9":{"type":"branch","line":106,"loc":{"start":{"line":106,"column":6},"end":{"line":108,"column":5}},"locations":[{"start":{"line":106,"column":6},"end":{"line":108,"column":5}}]},"10":{"type":"branch","line":111,"loc":{"start":{"line":111,"column":2},"end":{"line":124,"column":3}},"locations":[{"start":{"line":111,"column":2},"end":{"line":124,"column":3}}]},"11":{"type":"branch","line":121,"loc":{"start":{"line":121,"column":6},"end":{"line":123,"column":5}},"locations":[{"start":{"line":121,"column":6},"end":{"line":123,"column":5}}]},"12":{"type":"branch","line":126,"loc":{"start":{"line":126,"column":2},"end":{"line":128,"column":3}},"locations":[{"start":{"line":126,"column":2},"end":{"line":128,"column":3}}]}},"b":{"0":[13],"1":[6],"2":[0],"3":[2],"4":[0],"5":[5],"6":[3],"7":[2],"8":[1],"9":[0],"10":[1],"11":[0],"12":[2]},"fnMap":{"0":{"name":"log","decl":{"start":{"line":5,"column":0},"end":{"line":7,"column":1}},"loc":{"start":{"line":5,"column":0},"end":{"line":7,"column":1}},"line":5},"1":{"name":"LightEngine","decl":{"start":{"line":24,"column":2},"end":{"line":31,"column":3}},"loc":{"start":{"line":24,"column":2},"end":{"line":31,"column":3}},"line":24},"2":{"name":"setSceneStack","decl":{"start":{"line":33,"column":2},"end":{"line":42,"column":3}},"loc":{"start":{"line":33,"column":2},"end":{"line":42,"column":3}},"line":33},"3":{"name":"getSceneStack","decl":{"start":{"line":44,"column":2},"end":{"line":46,"column":3}},"loc":{"start":{"line":44,"column":2},"end":{"line":46,"column":3}},"line":44},"4":{"name":"start","decl":{"start":{"line":48,"column":2},"end":{"line":66,"column":3}},"loc":{"start":{"line":48,"column":2},"end":{"line":66,"column":3}},"line":48},"5":{"name":"stop","decl":{"start":{"line":68,"column":2},"end":{"line":81,"column":3}},"loc":{"start":{"line":68,"column":2},"end":{"line":81,"column":3}},"line":68},"6":{"name":"tick","decl":{"start":{"line":83,"column":2},"end":{"line":109,"column":3}},"loc":{"start":{"line":83,"column":2},"end":{"line":109,"column":3}},"line":83},"7":{"name":"applyFullScene","decl":{"start":{"line":111,"column":2},"end":{"line":124,"column":3}},"loc":{"start":{"line":111,"column":2},"end":{"line":124,"column":3}},"line":111},"8":{"name":"getLastAppliedScene","decl":{"start":{"line":126,"column":2},"end":{"line":128,"column":3}},"loc":{"start":{"line":126,"column":2},"end":{"line":128,"column":3}},"line":126}},"f":{"0":13,"1":6,"2":2,"3":5,"4":0,"5":0,"6":3,"7":1,"8":2}}
,"/home/jorgen/Documents/LayeredLight/com.fabeljet.layeredlight/scene-manager.ts": {"path":"/home/jorgen/Documents/LayeredLight/com.fabeljet.layeredlight/scene-manager.ts","all":false,"statementMap":{"0":{"start":{"line":1,"column":0},"end":{"line":1,"column":56}},"1":{"start":{"line":2,"column":0},"end":{"line":2,"column":23}},"2":{"start":{"line":3,"column":0},"end":{"line":3,"column":0}},"3":{"start":{"line":4,"column":0},"end":{"line":4,"column":57}},"4":{"start":{"line":5,"column":0},"end":{"line":5,"column":60}},"5":{"start":{"line":6,"column":0},"end":{"line":6,"column":62}},"6":{"start":{"line":7,"column":0},"end":{"line":7,"column":0}},"7":{"start":{"line":8,"column":0},"end":{"line":8,"column":59}},"8":{"start":{"line":9,"column":0},"end":{"line":9,"column":42}},"9":{"start":{"line":10,"column":0},"end":{"line":10,"column":1}},"10":{"start":{"line":11,"column":0},"end":{"line":11,"column":0}},"11":{"start":{"line":12,"column":0},"end":{"line":12,"column":24}},"12":{"start":{"line":13,"column":0},"end":{"line":13,"column":41}},"13":{"start":{"line":14,"column":0},"end":{"line":14,"column":1}},"14":{"start":{"line":15,"column":0},"end":{"line":15,"column":0}},"15":{"start":{"line":16,"column":0},"end":{"line":16,"column":35}},"16":{"start":{"line":17,"column":0},"end":{"line":17,"column":26}},"17":{"start":{"line":18,"column":0},"end":{"line":18,"column":1}},"18":{"start":{"line":19,"column":0},"end":{"line":19,"column":0}},"19":{"start":{"line":20,"column":0},"end":{"line":20,"column":109}},"20":{"start":{"line":21,"column":0},"end":{"line":21,"column":43}},"21":{"start":{"line":22,"column":0},"end":{"line":22,"column":19}},"22":{"start":{"line":23,"column":0},"end":{"line":23,"column":3}},"23":{"start":{"line":24,"column":0},"end":{"line":24,"column":0}},"24":{"start":{"line":25,"column":0},"end":{"line":25,"column":33}},"25":{"start":{"line":26,"column":0},"end":{"line":26,"column":19}},"26":{"start":{"line":27,"column":0},"end":{"line":27,"column":3}},"27":{"start":{"line":28,"column":0},"end":{"line":28,"column":0}},"28":{"start":{"line":29,"column":0},"end":{"line":29,"column":34}},"29":{"start":{"line":30,"column":0},"end":{"line":30,"column":19}},"30":{"start":{"line":31,"column":0},"end":{"line":31,"column":3}},"31":{"start":{"line":32,"column":0},"end":{"line":32,"column":0}},"32":{"start":{"line":33,"column":0},"end":{"line":33,"column":26}},"33":{"start":{"line":34,"column":0},"end":{"line":34,"column":17}},"34":{"start":{"line":35,"column":0},"end":{"line":35,"column":3}},"35":{"start":{"line":36,"column":0},"end":{"line":36,"column":0}},"36":{"start":{"line":37,"column":0},"end":{"line":37,"column":30}},"37":{"start":{"line":38,"column":0},"end":{"line":38,"column":17}},"38":{"start":{"line":39,"column":0},"end":{"line":39,"column":3}},"39":{"start":{"line":40,"column":0},"end":{"line":40,"column":0}},"40":{"start":{"line":41,"column":0},"end":{"line":41,"column":38}},"41":{"start":{"line":42,"column":0},"end":{"line":42,"column":24}},"42":{"start":{"line":43,"column":0},"end":{"line":43,"column":19}},"43":{"start":{"line":44,"column":0},"end":{"line":44,"column":5}},"44":{"start":{"line":45,"column":0},"end":{"line":45,"column":3}},"45":{"start":{"line":46,"column":0},"end":{"line":46,"column":0}},"46":{"start":{"line":47,"column":0},"end":{"line":47,"column":14}},"47":{"start":{"line":48,"column":0},"end":{"line":48,"column":1}},"48":{"start":{"line":49,"column":0},"end":{"line":49,"column":0}},"49":{"start":{"line":50,"column":0},"end":{"line":50,"column":27}},"50":{"start":{"line":51,"column":0},"end":{"line":51,"column":0}},"51":{"start":{"line":52,"column":0},"end":{"line":52,"column":83}},"52":{"start":{"line":53,"column":0},"end":{"line":53,"column":44}},"53":{"start":{"line":54,"column":0},"end":{"line":54,"column":68}},"54":{"start":{"line":55,"column":0},"end":{"line":55,"column":37}},"55":{"start":{"line":56,"column":0},"end":{"line":56,"column":59}},"56":{"start":{"line":57,"column":0},"end":{"line":57,"column":5}},"57":{"start":{"line":58,"column":0},"end":{"line":58,"column":0}},"58":{"start":{"line":59,"column":0},"end":{"line":59,"column":41}},"59":{"start":{"line":60,"column":0},"end":{"line":60,"column":90}},"60":{"start":{"line":61,"column":0},"end":{"line":61,"column":5}},"61":{"start":{"line":62,"column":0},"end":{"line":62,"column":0}},"62":{"start":{"line":63,"column":0},"end":{"line":63,"column":24}},"63":{"start":{"line":64,"column":0},"end":{"line":64,"column":3}},"64":{"start":{"line":65,"column":0},"end":{"line":65,"column":0}},"65":{"start":{"line":66,"column":0},"end":{"line":66,"column":85}},"66":{"start":{"line":67,"column":0},"end":{"line":67,"column":62}},"67":{"start":{"line":68,"column":0},"end":{"line":68,"column":52}},"68":{"start":{"line":69,"column":0},"end":{"line":69,"column":30}},"69":{"start":{"line":70,"column":0},"end":{"line":70,"column":3}},"70":{"start":{"line":71,"column":0},"end":{"line":71,"column":0}},"71":{"start":{"line":72,"column":0},"end":{"line":72,"column":86}},"72":{"start":{"line":73,"column":0},"end":{"line":73,"column":59}},"73":{"start":{"line":74,"column":0},"end":{"line":74,"column":3}},"74":{"start":{"line":75,"column":0},"end":{"line":75,"column":0}},"75":{"start":{"line":76,"column":0},"end":{"line":76,"column":79}},"76":{"start":{"line":77,"column":0},"end":{"line":77,"column":72}},"77":{"start":{"line":78,"column":0},"end":{"line":78,"column":3}},"78":{"start":{"line":79,"column":0},"end":{"line":79,"column":0}},"79":{"start":{"line":80,"column":0},"end":{"line":80,"column":82}},"80":{"start":{"line":81,"column":0},"end":{"line":81,"column":75}},"81":{"start":{"line":82,"column":0},"end":{"line":82,"column":3}},"82":{"start":{"line":83,"column":0},"end":{"line":83,"column":0}},"83":{"start":{"line":84,"column":0},"end":{"line":84,"column":44}},"84":{"start":{"line":85,"column":0},"end":{"line":85,"column":29}},"85":{"start":{"line":86,"column":0},"end":{"line":86,"column":3}},"86":{"start":{"line":87,"column":0},"end":{"line":87,"column":0}},"87":{"start":{"line":88,"column":0},"end":{"line":88,"column":44}},"88":{"start":{"line":89,"column":0},"end":{"line":89,"column":33}},"89":{"start":{"line":90,"column":0},"end":{"line":90,"column":3}},"90":{"start":{"line":91,"column":0},"end":{"line":91,"column":0}},"91":{"start":{"line":92,"column":0},"end":{"line":92,"column":52}},"92":{"start":{"line":93,"column":0},"end":{"line":93,"column":29}},"93":{"start":{"line":94,"column":0},"end":{"line":94,"column":42}},"94":{"start":{"line":95,"column":0},"end":{"line":95,"column":0}},"95":{"start":{"line":96,"column":0},"end":{"line":96,"column":46}},"96":{"start":{"line":97,"column":0},"end":{"line":97,"column":45}},"97":{"start":{"line":98,"column":0},"end":{"line":98,"column":86}},"98":{"start":{"line":99,"column":0},"end":{"line":99,"column":29}},"99":{"start":{"line":100,"column":0},"end":{"line":100,"column":64}},"100":{"start":{"line":101,"column":0},"end":{"line":101,"column":7}},"101":{"start":{"line":102,"column":0},"end":{"line":102,"column":0}},"102":{"start":{"line":103,"column":0},"end":{"line":103,"column":37}},"103":{"start":{"line":104,"column":0},"end":{"line":104,"column":39}},"104":{"start":{"line":105,"column":0},"end":{"line":105,"column":35}},"105":{"start":{"line":106,"column":0},"end":{"line":106,"column":32}},"106":{"start":{"line":107,"column":0},"end":{"line":107,"column":40}},"107":{"start":{"line":108,"column":0},"end":{"line":108,"column":32}},"108":{"start":{"line":109,"column":0},"end":{"line":109,"column":41}},"109":{"start":{"line":110,"column":0},"end":{"line":110,"column":33}},"110":{"start":{"line":111,"column":0},"end":{"line":111,"column":14}},"111":{"start":{"line":112,"column":0},"end":{"line":112,"column":64}},"112":{"start":{"line":113,"column":0},"end":{"line":113,"column":31}},"113":{"start":{"line":114,"column":0},"end":{"line":114,"column":95}},"114":{"start":{"line":115,"column":0},"end":{"line":115,"column":35}},"115":{"start":{"line":116,"column":0},"end":{"line":116,"column":16}},"116":{"start":{"line":117,"column":0},"end":{"line":117,"column":33}},"117":{"start":{"line":118,"column":0},"end":{"line":118,"column":9}},"118":{"start":{"line":119,"column":0},"end":{"line":119,"column":7}},"119":{"start":{"line":120,"column":0},"end":{"line":120,"column":0}},"120":{"start":{"line":121,"column":0},"end":{"line":121,"column":32}},"121":{"start":{"line":122,"column":0},"end":{"line":122,"column":5}},"122":{"start":{"line":123,"column":0},"end":{"line":123,"column":17}},"123":{"start":{"line":124,"column":0},"end":{"line":124,"column":3}},"124":{"start":{"line":125,"column":0},"end":{"line":125,"column":0}},"125":{"start":{"line":126,"column":0},"end":{"line":126,"column":54}},"126":{"start":{"line":127,"column":0},"end":{"line":127,"column":27}},"127":{"start":{"line":128,"column":0},"end":{"line":128,"column":56}},"128":{"start":{"line":129,"column":0},"end":{"line":129,"column":56}},"129":{"start":{"line":130,"column":0},"end":{"line":130,"column":56}},"130":{"start":{"line":131,"column":0},"end":{"line":131,"column":23}},"131":{"start":{"line":132,"column":0},"end":{"line":132,"column":29}},"132":{"start":{"line":133,"column":0},"end":{"line":133,"column":66}},"133":{"start":{"line":134,"column":0},"end":{"line":134,"column":64}},"134":{"start":{"line":135,"column":0},"end":{"line":135,"column":38}},"135":{"start":{"line":136,"column":0},"end":{"line":136,"column":29}},"136":{"start":{"line":137,"column":0},"end":{"line":137,"column":64}},"137":{"start":{"line":138,"column":0},"end":{"line":138,"column":25}},"138":{"start":{"line":139,"column":0},"end":{"line":139,"column":5}},"139":{"start":{"line":140,"column":0},"end":{"line":140,"column":50}},"140":{"start":{"line":141,"column":0},"end":{"line":141,"column":3}},"141":{"start":{"line":142,"column":0},"end":{"line":142,"column":0}},"142":{"start":{"line":143,"column":0},"end":{"line":143,"column":95}},"143":{"start":{"line":144,"column":0},"end":{"line":144,"column":26}},"144":{"start":{"line":145,"column":0},"end":{"line":145,"column":34}},"145":{"start":{"line":146,"column":0},"end":{"line":146,"column":34}},"146":{"start":{"line":147,"column":0},"end":{"line":147,"column":24}},"147":{"start":{"line":148,"column":0},"end":{"line":148,"column":30}},"148":{"start":{"line":149,"column":0},"end":{"line":149,"column":0}},"149":{"start":{"line":150,"column":0},"end":{"line":150,"column":14}},"150":{"start":{"line":151,"column":0},"end":{"line":151,"column":14}},"151":{"start":{"line":152,"column":0},"end":{"line":152,"column":0}},"152":{"start":{"line":153,"column":0},"end":{"line":153,"column":18}},"153":{"start":{"line":154,"column":0},"end":{"line":154,"column":12}},"154":{"start":{"line":155,"column":0},"end":{"line":155,"column":21}},"155":{"start":{"line":156,"column":0},"end":{"line":156,"column":37}},"156":{"start":{"line":157,"column":0},"end":{"line":157,"column":28}},"157":{"start":{"line":158,"column":0},"end":{"line":158,"column":37}},"158":{"start":{"line":159,"column":0},"end":{"line":159,"column":28}},"159":{"start":{"line":160,"column":0},"end":{"line":160,"column":37}},"160":{"start":{"line":161,"column":0},"end":{"line":161,"column":7}},"161":{"start":{"line":162,"column":0},"end":{"line":162,"column":0}},"162":{"start":{"line":163,"column":0},"end":{"line":163,"column":40}},"163":{"start":{"line":164,"column":0},"end":{"line":164,"column":5}},"164":{"start":{"line":165,"column":0},"end":{"line":165,"column":0}},"165":{"start":{"line":166,"column":0},"end":{"line":166,"column":27}},"166":{"start":{"line":167,"column":0},"end":{"line":167,"column":3}},"167":{"start":{"line":168,"column":0},"end":{"line":168,"column":0}},"168":{"start":{"line":169,"column":0},"end":{"line":169,"column":55}},"169":{"start":{"line":170,"column":0},"end":{"line":170,"column":31}},"170":{"start":{"line":171,"column":0},"end":{"line":171,"column":39}},"171":{"start":{"line":172,"column":0},"end":{"line":172,"column":43}},"172":{"start":{"line":173,"column":0},"end":{"line":173,"column":30}},"173":{"start":{"line":174,"column":0},"end":{"line":174,"column":33}},"174":{"start":{"line":175,"column":0},"end":{"line":175,"column":14}},"175":{"start":{"line":176,"column":0},"end":{"line":176,"column":37}},"176":{"start":{"line":177,"column":0},"end":{"line":177,"column":7}},"177":{"start":{"line":178,"column":0},"end":{"line":178,"column":5}},"178":{"start":{"line":179,"column":0},"end":{"line":179,"column":18}},"179":{"start":{"line":180,"column":0},"end":{"line":180,"column":3}},"180":{"start":{"line":181,"column":0},"end":{"line":181,"column":0}},"181":{"start":{"line":182,"column":0},"end":{"line":182,"column":73}},"182":{"start":{"line":183,"column":0},"end":{"line":183,"column":20}},"183":{"start":{"line":184,"column":0},"end":{"line":184,"column":41}},"184":{"start":{"line":185,"column":0},"end":{"line":185,"column":41}},"185":{"start":{"line":186,"column":0},"end":{"line":186,"column":36}},"186":{"start":{"line":187,"column":0},"end":{"line":187,"column":55}},"187":{"start":{"line":188,"column":0},"end":{"line":188,"column":49}},"188":{"start":{"line":189,"column":0},"end":{"line":189,"column":7}},"189":{"start":{"line":190,"column":0},"end":{"line":190,"column":5}},"190":{"start":{"line":191,"column":0},"end":{"line":191,"column":18}},"191":{"start":{"line":192,"column":0},"end":{"line":192,"column":3}},"192":{"start":{"line":193,"column":0},"end":{"line":193,"column":0}},"193":{"start":{"line":194,"column":0},"end":{"line":194,"column":71}},"194":{"start":{"line":195,"column":0},"end":{"line":195,"column":38}},"195":{"start":{"line":196,"column":0},"end":{"line":196,"column":0}},"196":{"start":{"line":197,"column":0},"end":{"line":197,"column":36}},"197":{"start":{"line":198,"column":0},"end":{"line":198,"column":38}},"198":{"start":{"line":199,"column":0},"end":{"line":199,"column":38}},"199":{"start":{"line":200,"column":0},"end":{"line":200,"column":38}},"200":{"start":{"line":201,"column":0},"end":{"line":201,"column":45}},"201":{"start":{"line":202,"column":0},"end":{"line":202,"column":53}},"202":{"start":{"line":203,"column":0},"end":{"line":203,"column":39}},"203":{"start":{"line":204,"column":0},"end":{"line":204,"column":9}},"204":{"start":{"line":205,"column":0},"end":{"line":205,"column":7}},"205":{"start":{"line":206,"column":0},"end":{"line":206,"column":49}},"206":{"start":{"line":207,"column":0},"end":{"line":207,"column":40}},"207":{"start":{"line":208,"column":0},"end":{"line":208,"column":7}},"208":{"start":{"line":209,"column":0},"end":{"line":209,"column":5}},"209":{"start":{"line":210,"column":0},"end":{"line":210,"column":0}},"210":{"start":{"line":211,"column":0},"end":{"line":211,"column":57}},"211":{"start":{"line":212,"column":0},"end":{"line":212,"column":35}},"212":{"start":{"line":213,"column":0},"end":{"line":213,"column":38}},"213":{"start":{"line":214,"column":0},"end":{"line":214,"column":44}},"214":{"start":{"line":215,"column":0},"end":{"line":215,"column":50}},"215":{"start":{"line":216,"column":0},"end":{"line":216,"column":9}},"216":{"start":{"line":217,"column":0},"end":{"line":217,"column":7}},"217":{"start":{"line":218,"column":0},"end":{"line":218,"column":35}},"218":{"start":{"line":219,"column":0},"end":{"line":219,"column":5}},"219":{"start":{"line":220,"column":0},"end":{"line":220,"column":0}},"220":{"start":{"line":221,"column":0},"end":{"line":221,"column":24}},"221":{"start":{"line":222,"column":0},"end":{"line":222,"column":3}},"222":{"start":{"line":223,"column":0},"end":{"line":223,"column":0}},"223":{"start":{"line":224,"column":0},"end":{"line":224,"column":53}},"224":{"start":{"line":225,"column":0},"end":{"line":225,"column":30}},"225":{"start":{"line":226,"column":0},"end":{"line":226,"column":36}},"226":{"start":{"line":227,"column":0},"end":{"line":227,"column":65}},"227":{"start":{"line":228,"column":0},"end":{"line":228,"column":45}},"228":{"start":{"line":229,"column":0},"end":{"line":229,"column":7}},"229":{"start":{"line":230,"column":0},"end":{"line":230,"column":5}},"230":{"start":{"line":231,"column":0},"end":{"line":231,"column":18}},"231":{"start":{"line":232,"column":0},"end":{"line":232,"column":3}},"232":{"start":{"line":233,"column":0},"end":{"line":233,"column":0}},"233":{"start":{"line":234,"column":0},"end":{"line":234,"column":14}},"234":{"start":{"line":235,"column":0},"end":{"line":235,"column":29}},"235":{"start":{"line":236,"column":0},"end":{"line":236,"column":23}},"236":{"start":{"line":237,"column":0},"end":{"line":237,"column":25}},"237":{"start":{"line":238,"column":0},"end":{"line":238,"column":20}},"238":{"start":{"line":239,"column":0},"end":{"line":239,"column":24}},"239":{"start":{"line":240,"column":0},"end":{"line":240,"column":34}},"240":{"start":{"line":241,"column":0},"end":{"line":241,"column":43}},"241":{"start":{"line":242,"column":0},"end":{"line":242,"column":81}},"242":{"start":{"line":243,"column":0},"end":{"line":243,"column":0}},"243":{"start":{"line":244,"column":0},"end":{"line":244,"column":47}},"244":{"start":{"line":245,"column":0},"end":{"line":245,"column":37}},"245":{"start":{"line":246,"column":0},"end":{"line":246,"column":12}},"246":{"start":{"line":247,"column":0},"end":{"line":247,"column":68}},"247":{"start":{"line":248,"column":0},"end":{"line":248,"column":58}},"248":{"start":{"line":249,"column":0},"end":{"line":249,"column":77}},"249":{"start":{"line":250,"column":0},"end":{"line":250,"column":66}},"250":{"start":{"line":251,"column":0},"end":{"line":251,"column":5}},"251":{"start":{"line":252,"column":0},"end":{"line":252,"column":0}},"252":{"start":{"line":253,"column":0},"end":{"line":253,"column":20}},"253":{"start":{"line":254,"column":0},"end":{"line":254,"column":3}},"254":{"start":{"line":255,"column":0},"end":{"line":255,"column":0}},"255":{"start":{"line":256,"column":0},"end":{"line":256,"column":1}},"256":{"start":{"line":257,"column":0},"end":{"line":257,"column":0}},"257":{"start":{"line":258,"column":0},"end":{"line":258,"column":28}}},"s":{"0":1,"1":1,"2":1,"3":1,"4":1,"5":1,"6":1,"7":0,"8":0,"9":0,"10":1,"11":1,"12":1,"13":1,"14":1,"15":1,"16":1,"17":1,"18":1,"19":9,"20":9,"21":2,"22":2,"23":7,"24":9,"25":0,"26":0,"27":7,"28":9,"29":2,"30":2,"31":5,"32":8,"33":0,"34":0,"35":5,"36":8,"37":0,"38":0,"39":5,"40":5,"41":5,"42":4,"43":4,"44":5,"45":1,"46":1,"47":1,"48":1,"49":1,"50":1,"51":1,"52":0,"53":0,"54":0,"55":0,"56":0,"57":0,"58":0,"59":0,"60":0,"61":0,"62":0,"63":0,"64":1,"65":1,"66":0,"67":0,"68":0,"69":0,"70":1,"71":1,"72":0,"73":0,"74":1,"75":1,"76":0,"77":0,"78":1,"79":1,"80":0,"81":0,"82":1,"83":1,"84":21,"85":21,"86":1,"87":1,"88":8,"89":8,"90":1,"91":1,"92":8,"93":8,"94":8,"95":8,"96":8,"97":20,"98":20,"99":0,"100":0,"101":20,"102":20,"103":20,"104":20,"105":1,"106":20,"107":1,"108":19,"109":5,"110":18,"111":13,"112":13,"113":5,"114":5,"115":13,"116":8,"117":8,"118":13,"119":20,"120":20,"121":20,"122":8,"123":8,"124":1,"125":1,"126":18,"127":8,"128":8,"129":8,"130":8,"131":18,"132":5,"133":5,"134":5,"135":5,"136":5,"137":5,"138":5,"139":0,"140":0,"141":1,"142":1,"143":9,"144":9,"145":9,"146":9,"147":9,"148":9,"149":9,"150":9,"151":9,"152":9,"153":9,"154":7,"155":6,"156":7,"157":0,"158":1,"159":1,"160":1,"161":7,"162":7,"163":7,"164":9,"165":9,"166":9,"167":1,"168":1,"169":21,"170":21,"171":33,"172":33,"173":3,"174":33,"175":30,"176":30,"177":33,"178":21,"179":21,"180":1,"181":1,"182":10,"183":10,"184":20,"185":20,"186":17,"187":17,"188":17,"189":20,"190":10,"191":10,"192":1,"193":1,"194":3,"195":3,"196":3,"197":3,"198":4,"199":4,"200":7,"201":5,"202":5,"203":5,"204":7,"205":4,"206":4,"207":4,"208":4,"209":3,"210":3,"211":1,"212":1,"213":3,"214":2,"215":2,"216":3,"217":1,"218":1,"219":3,"220":3,"221":3,"222":1,"223":1,"224":8,"225":8,"226":9,"227":8,"228":8,"229":9,"230":8,"231":8,"232":1,"233":1,"234":3,"235":3,"236":3,"237":3,"238":3,"239":3,"240":3,"241":3,"242":3,"243":3,"244":1,"245":3,"246":2,"247":2,"248":2,"249":2,"250":2,"251":3,"252":3,"253":3,"254":1,"255":1,"256":1,"257":1},"branchMap":{"0":{"type":"branch","line":20,"loc":{"start":{"line":20,"column":0},"end":{"line":48,"column":1}},"locations":[{"start":{"line":20,"column":0},"end":{"line":48,"column":1}}]},"1":{"type":"branch","line":21,"loc":{"start":{"line":21,"column":21},"end":{"line":21,"column":40}},"locations":[{"start":{"line":21,"column":21},"end":{"line":21,"column":40}}]},"2":{"type":"branch","line":21,"loc":{"start":{"line":21,"column":42},"end":{"line":23,"column":3}},"locations":[{"start":{"line":21,"column":42},"end":{"line":23,"column":3}}]},"3":{"type":"branch","line":24,"loc":{"start":{"line":24,"column":-1},"end":{"line":25,"column":30}},"locations":[{"start":{"line":24,"column":-1},"end":{"line":25,"column":30}}]},"4":{"type":"branch","line":25,"loc":{"start":{"line":25,"column":32},"end":{"line":29,"column":31}},"locations":[{"start":{"line":25,"column":32},"end":{"line":29,"column":31}}]},"5":{"type":"branch","line":25,"loc":{"start":{"line":25,"column":32},"end":{"line":27,"column":3}},"locations":[{"start":{"line":25,"column":32},"end":{"line":27,"column":3}}]},"6":{"type":"branch","line":28,"loc":{"start":{"line":28,"column":-1},"end":{"line":29,"column":20}},"locations":[{"start":{"line":28,"column":-1},"end":{"line":29,"column":20}}]},"7":{"type":"branch","line":29,"loc":{"start":{"line":29,"column":16},"end":{"line":29,"column":31}},"locations":[{"start":{"line":29,"column":16},"end":{"line":29,"column":31}}]},"8":{"type":"branch","line":29,"loc":{"start":{"line":29,"column":33},"end":{"line":48,"column":1}},"locations":[{"start":{"line":29,"column":33},"end":{"line":48,"column":1}}]},"9":{"type":"branch","line":29,"loc":{"start":{"line":29,"column":33},"end":{"line":31,"column":3}},"locations":[{"start":{"line":29,"column":33},"end":{"line":31,"column":3}}]},"10":{"type":"branch","line":32,"loc":{"start":{"line":32,"column":-1},"end":{"line":33,"column":25}},"locations":[{"start":{"line":32,"column":-1},"end":{"line":33,"column":25}}]},"11":{"type":"branch","line":33,"loc":{"start":{"line":33,"column":25},"end":{"line":35,"column":3}},"locations":[{"start":{"line":33,"column":25},"end":{"line":35,"column":3}}]},"12":{"type":"branch","line":36,"loc":{"start":{"line":36,"column":-1},"end":{"line":37,"column":29}},"locations":[{"start":{"line":36,"column":-1},"end":{"line":37,"column":29}}]},"13":{"type":"branch","line":37,"loc":{"start":{"line":37,"column":29},"end":{"line":39,"column":3}},"locations":[{"start":{"line":37,"column":29},"end":{"line":39,"column":3}}]},"14":{"type":"branch","line":40,"loc":{"start":{"line":40,"column":-1},"end":{"line":45,"column":3}},"locations":[{"start":{"line":40,"column":-1},"end":{"line":45,"column":3}}]},"15":{"type":"branch","line":42,"loc":{"start":{"line":42,"column":23},"end":{"line":44,"column":5}},"locations":[{"start":{"line":42,"column":23},"end":{"line":44,"column":5}}]},"16":{"type":"branch","line":46,"loc":{"start":{"line":46,"column":-1},"end":{"line":48,"column":1}},"locations":[{"start":{"line":46,"column":-1},"end":{"line":48,"column":1}}]},"17":{"type":"branch","line":84,"loc":{"start":{"line":84,"column":2},"end":{"line":86,"column":3}},"locations":[{"start":{"line":84,"column":2},"end":{"line":86,"column":3}}]},"18":{"type":"branch","line":88,"loc":{"start":{"line":88,"column":2},"end":{"line":90,"column":3}},"locations":[{"start":{"line":88,"column":2},"end":{"line":90,"column":3}}]},"19":{"type":"branch","line":92,"loc":{"start":{"line":92,"column":2},"end":{"line":124,"column":3}},"locations":[{"start":{"line":92,"column":2},"end":{"line":124,"column":3}}]},"20":{"type":"branch","line":97,"loc":{"start":{"line":97,"column":44},"end":{"line":122,"column":5}},"locations":[{"start":{"line":97,"column":44},"end":{"line":122,"column":5}}]},"21":{"type":"branch","line":99,"loc":{"start":{"line":99,"column":28},"end":{"line":101,"column":7}},"locations":[{"start":{"line":99,"column":28},"end":{"line":101,"column":7}}]},"22":{"type":"branch","line":105,"loc":{"start":{"line":105,"column":34},"end":{"line":107,"column":7}},"locations":[{"start":{"line":105,"column":34},"end":{"line":107,"column":7}}]},"23":{"type":"branch","line":107,"loc":{"start":{"line":107,"column":7},"end":{"line":119,"column":7}},"locations":[{"start":{"line":107,"column":7},"end":{"line":119,"column":7}}]},"24":{"type":"branch","line":107,"loc":{"start":{"line":107,"column":39},"end":{"line":109,"column":7}},"locations":[{"start":{"line":107,"column":39},"end":{"line":109,"column":7}}]},"25":{"type":"branch","line":109,"loc":{"start":{"line":109,"column":7},"end":{"line":119,"column":7}},"locations":[{"start":{"line":109,"column":7},"end":{"line":119,"column":7}}]},"26":{"type":"branch","line":109,"loc":{"start":{"line":109,"column":40},"end":{"line":111,"column":7}},"locations":[{"start":{"line":109,"column":40},"end":{"line":111,"column":7}}]},"27":{"type":"branch","line":111,"loc":{"start":{"line":111,"column":7},"end":{"line":119,"column":7}},"locations":[{"start":{"line":111,"column":7},"end":{"line":119,"column":7}}]},"28":{"type":"branch","line":113,"loc":{"start":{"line":113,"column":30},"end":{"line":116,"column":9}},"locations":[{"start":{"line":113,"column":30},"end":{"line":116,"column":9}}]},"29":{"type":"branch","line":116,"loc":{"start":{"line":116,"column":9},"end":{"line":118,"column":9}},"locations":[{"start":{"line":116,"column":9},"end":{"line":118,"column":9}}]},"30":{"type":"branch","line":126,"loc":{"start":{"line":126,"column":2},"end":{"line":141,"column":3}},"locations":[{"start":{"line":126,"column":2},"end":{"line":141,"column":3}}]},"31":{"type":"branch","line":127,"loc":{"start":{"line":127,"column":26},"end":{"line":132,"column":5}},"locations":[{"start":{"line":127,"column":26},"end":{"line":132,"column":5}}]},"32":{"type":"branch","line":132,"loc":{"start":{"line":132,"column":5},"end":{"line":132,"column":28}},"locations":[{"start":{"line":132,"column":5},"end":{"line":132,"column":28}}]},"33":{"type":"branch","line":132,"loc":{"start":{"line":132,"column":28},"end":{"line":139,"column":5}},"locations":[{"start":{"line":132,"column":28},"end":{"line":139,"column":5}}]},"34":{"type":"branch","line":140,"loc":{"start":{"line":140,"column":-1},"end":{"line":141,"column":3}},"locations":[{"start":{"line":140,"column":-1},"end":{"line":141,"column":3}}]},"35":{"type":"branch","line":143,"loc":{"start":{"line":143,"column":2},"end":{"line":167,"column":3}},"locations":[{"start":{"line":143,"column":2},"end":{"line":167,"column":3}}]},"36":{"type":"branch","line":153,"loc":{"start":{"line":153,"column":17},"end":{"line":154,"column":5}},"locations":[{"start":{"line":153,"column":17},"end":{"line":154,"column":5}}]},"37":{"type":"branch","line":154,"loc":{"start":{"line":154,"column":5},"end":{"line":164,"column":5}},"locations":[{"start":{"line":154,"column":5},"end":{"line":164,"column":5}}]},"38":{"type":"branch","line":155,"loc":{"start":{"line":155,"column":20},"end":{"line":157,"column":7}},"locations":[{"start":{"line":155,"column":20},"end":{"line":157,"column":7}}]},"39":{"type":"branch","line":157,"loc":{"start":{"line":157,"column":7},"end":{"line":161,"column":7}},"locations":[{"start":{"line":157,"column":7},"end":{"line":161,"column":7}}]},"40":{"type":"branch","line":157,"loc":{"start":{"line":157,"column":27},"end":{"line":159,"column":7}},"locations":[{"start":{"line":157,"column":27},"end":{"line":159,"column":7}}]},"41":{"type":"branch","line":169,"loc":{"start":{"line":169,"column":2},"end":{"line":180,"column":3}},"locations":[{"start":{"line":169,"column":2},"end":{"line":180,"column":3}}]},"42":{"type":"branch","line":171,"loc":{"start":{"line":171,"column":38},"end":{"line":178,"column":5}},"locations":[{"start":{"line":171,"column":38},"end":{"line":178,"column":5}}]},"43":{"type":"branch","line":173,"loc":{"start":{"line":173,"column":29},"end":{"line":175,"column":7}},"locations":[{"start":{"line":173,"column":29},"end":{"line":175,"column":7}}]},"44":{"type":"branch","line":175,"loc":{"start":{"line":175,"column":7},"end":{"line":177,"column":7}},"locations":[{"start":{"line":175,"column":7},"end":{"line":177,"column":7}}]},"45":{"type":"branch","line":182,"loc":{"start":{"line":182,"column":2},"end":{"line":192,"column":3}},"locations":[{"start":{"line":182,"column":2},"end":{"line":192,"column":3}}]},"46":{"type":"branch","line":184,"loc":{"start":{"line":184,"column":40},"end":{"line":190,"column":5}},"locations":[{"start":{"line":184,"column":40},"end":{"line":190,"column":5}}]},"47":{"type":"branch","line":186,"loc":{"start":{"line":186,"column":35},"end":{"line":189,"column":7}},"locations":[{"start":{"line":186,"column":35},"end":{"line":189,"column":7}}]},"48":{"type":"branch","line":194,"loc":{"start":{"line":194,"column":2},"end":{"line":222,"column":3}},"locations":[{"start":{"line":194,"column":2},"end":{"line":222,"column":3}}]},"49":{"type":"branch","line":198,"loc":{"start":{"line":198,"column":37},"end":{"line":209,"column":5}},"locations":[{"start":{"line":198,"column":37},"end":{"line":209,"column":5}}]},"50":{"type":"branch","line":200,"loc":{"start":{"line":200,"column":37},"end":{"line":205,"column":7}},"locations":[{"start":{"line":200,"column":37},"end":{"line":205,"column":7}}]},"51":{"type":"branch","line":201,"loc":{"start":{"line":201,"column":44},"end":{"line":204,"column":9}},"locations":[{"start":{"line":201,"column":44},"end":{"line":204,"column":9}}]},"52":{"type":"branch","line":211,"loc":{"start":{"line":211,"column":56},"end":{"line":219,"column":5}},"locations":[{"start":{"line":211,"column":56},"end":{"line":219,"column":5}}]},"53":{"type":"branch","line":213,"loc":{"start":{"line":213,"column":37},"end":{"line":217,"column":7}},"locations":[{"start":{"line":213,"column":37},"end":{"line":217,"column":7}}]},"54":{"type":"branch","line":214,"loc":{"start":{"line":214,"column":43},"end":{"line":216,"column":9}},"locations":[{"start":{"line":214,"column":43},"end":{"line":216,"column":9}}]},"55":{"type":"branch","line":224,"loc":{"start":{"line":224,"column":2},"end":{"line":232,"column":3}},"locations":[{"start":{"line":224,"column":2},"end":{"line":232,"column":3}}]},"56":{"type":"branch","line":226,"loc":{"start":{"line":226,"column":35},"end":{"line":230,"column":5}},"locations":[{"start":{"line":226,"column":35},"end":{"line":230,"column":5}}]},"57":{"type":"branch","line":227,"loc":{"start":{"line":227,"column":64},"end":{"line":229,"column":7}},"locations":[{"start":{"line":227,"column":64},"end":{"line":229,"column":7}}]},"58":{"type":"branch","line":234,"loc":{"start":{"line":234,"column":2},"end":{"line":254,"column":3}},"locations":[{"start":{"line":234,"column":2},"end":{"line":254,"column":3}}]},"59":{"type":"branch","line":244,"loc":{"start":{"line":244,"column":13},"end":{"line":244,"column":44}},"locations":[{"start":{"line":244,"column":13},"end":{"line":244,"column":44}}]},"60":{"type":"branch","line":244,"loc":{"start":{"line":244,"column":46},"end":{"line":246,"column":5}},"locations":[{"start":{"line":244,"column":46},"end":{"line":246,"column":5}}]},"61":{"type":"branch","line":246,"loc":{"start":{"line":246,"column":5},"end":{"line":251,"column":5}},"locations":[{"start":{"line":246,"column":5},"end":{"line":251,"column":5}}]}},"b":{"0":[9],"1":[7],"2":[2],"3":[7],"4":[8],"5":[0],"6":[7],"7":[6],"8":[8],"9":[2],"10":[5],"11":[0],"12":[5],"13":[0],"14":[5],"15":[4],"16":[1],"17":[21],"18":[8],"19":[8],"20":[20],"21":[0],"22":[1],"23":[19],"24":[1],"25":[18],"26":[5],"27":[13],"28":[5],"29":[8],"30":[18],"31":[8],"32":[10],"33":[5],"34":[0],"35":[9],"36":[2],"37":[7],"38":[6],"39":[1],"40":[0],"41":[21],"42":[33],"43":[3],"44":[30],"45":[10],"46":[20],"47":[17],"48":[3],"49":[4],"50":[7],"51":[5],"52":[1],"53":[3],"54":[2],"55":[8],"56":[9],"57":[8],"58":[3],"59":[2],"60":[1],"61":[2]},"fnMap":{"0":{"name":"log","decl":{"start":{"line":8,"column":0},"end":{"line":10,"column":1}},"loc":{"start":{"line":8,"column":0},"end":{"line":10,"column":1}},"line":8},"1":{"name":"isEqualSetting","decl":{"start":{"line":20,"column":0},"end":{"line":48,"column":1}},"loc":{"start":{"line":20,"column":0},"end":{"line":48,"column":1}},"line":20},"2":{"name":"findVariable","decl":{"start":{"line":52,"column":2},"end":{"line":64,"column":3}},"loc":{"start":{"line":52,"column":2},"end":{"line":64,"column":3}},"line":52},"3":{"name":"getVariable","decl":{"start":{"line":66,"column":2},"end":{"line":70,"column":3}},"loc":{"start":{"line":66,"column":2},"end":{"line":70,"column":3}},"line":66},"4":{"name":"getJsonVariable","decl":{"start":{"line":72,"column":2},"end":{"line":74,"column":3}},"loc":{"start":{"line":72,"column":2},"end":{"line":74,"column":3}},"line":72},"5":{"name":"getScenePriorities","decl":{"start":{"line":76,"column":2},"end":{"line":78,"column":3}},"loc":{"start":{"line":76,"column":2},"end":{"line":78,"column":3}},"line":76},"6":{"name":"getSceneArrangement","decl":{"start":{"line":80,"column":2},"end":{"line":82,"column":3}},"loc":{"start":{"line":80,"column":2},"end":{"line":82,"column":3}},"line":80},"7":{"name":"getSceneFromJson","decl":{"start":{"line":84,"column":2},"end":{"line":86,"column":3}},"loc":{"start":{"line":84,"column":2},"end":{"line":86,"column":3}},"line":84},"8":{"name":"getJsonFromScene","decl":{"start":{"line":88,"column":2},"end":{"line":90,"column":3}},"loc":{"start":{"line":88,"column":2},"end":{"line":90,"column":3}},"line":88},"9":{"name":"getSceneFromString","decl":{"start":{"line":92,"column":2},"end":{"line":124,"column":3}},"loc":{"start":{"line":92,"column":2},"end":{"line":124,"column":3}},"line":92},"10":{"name":"getRgbVectorFromRgbString","decl":{"start":{"line":126,"column":2},"end":{"line":141,"column":3}},"loc":{"start":{"line":126,"column":2},"end":{"line":141,"column":3}},"line":126},"11":{"name":"getHueSaturationLightnessFromRgb","decl":{"start":{"line":143,"column":2},"end":{"line":167,"column":3}},"loc":{"start":{"line":143,"column":2},"end":{"line":167,"column":3}},"line":143},"12":{"name":"layerScenes","decl":{"start":{"line":169,"column":2},"end":{"line":180,"column":3}},"loc":{"start":{"line":169,"column":2},"end":{"line":180,"column":3}},"line":169},"13":{"name":"flattenStack","decl":{"start":{"line":182,"column":2},"end":{"line":192,"column":3}},"loc":{"start":{"line":182,"column":2},"end":{"line":192,"column":3}},"line":182},"14":{"name":"getSceneOrdering","decl":{"start":{"line":194,"column":2},"end":{"line":222,"column":3}},"loc":{"start":{"line":194,"column":2},"end":{"line":222,"column":3}},"line":194},"15":{"name":"getChanges","decl":{"start":{"line":224,"column":2},"end":{"line":232,"column":3}},"loc":{"start":{"line":224,"column":2},"end":{"line":232,"column":3}},"line":224},"16":{"name":"updateStack","decl":{"start":{"line":234,"column":2},"end":{"line":254,"column":3}},"loc":{"start":{"line":234,"column":2},"end":{"line":254,"column":3}},"line":234}},"f":{"0":0,"1":9,"2":0,"3":0,"4":0,"5":0,"6":0,"7":21,"8":8,"9":8,"10":18,"11":9,"12":21,"13":10,"14":3,"15":8,"16":3}}
}
