TN:
SF:light-controller.ts
FN:4,log
FN:8,wait
FN:19,LightController
FN:23,setCapabilityFloat
FN:41,setOnOff
FN:50,applySimpleSetting
FN:81,applyAnimation
FN:117,applyTransition
FN:155,applySetting
FN:163,applyScene
FN:180,cancelAllAnimations
FN:187,emitInterpolation
FN:198,getKnownValues
FN:202,setKnownValue
FN:206,getLights
FNF:15
FNH:7
FNDA:8,log
FNDA:0,wait
FNDA:6,LightController
FNDA:2,setCapabilityFloat
FNDA:2,setOnOff
FNDA:2,applySimpleSetting
FNDA:0,applyAnimation
FNDA:0,applyTransition
FNDA:2,applySetting
FNDA:2,applyScene
FNDA:0,cancelAllAnimations
FNDA:0,emitInterpolation
FNDA:0,getKnownValues
FNDA:0,setKnownValue
FNDA:0,getLights
DA:1,1
DA:2,1
DA:3,1
DA:4,8
DA:5,8
DA:6,8
DA:7,1
DA:8,0
DA:9,0
DA:10,0
DA:11,0
DA:12,0
DA:13,1
DA:14,1
DA:15,1
DA:16,1
DA:17,1
DA:18,1
DA:19,1
DA:20,6
DA:21,6
DA:22,1
DA:23,1
DA:24,2
DA:25,2
DA:26,0
DA:27,0
DA:28,0
DA:29,2
DA:30,2
DA:31,2
DA:32,2
DA:33,2
DA:34,2
DA:35,2
DA:36,2
DA:37,0
DA:38,0
DA:39,2
DA:40,1
DA:41,1
DA:42,2
DA:43,2
DA:44,2
DA:45,2
DA:46,0
DA:47,0
DA:48,2
DA:49,1
DA:50,1
DA:51,2
DA:52,2
DA:53,2
DA:54,0
DA:55,2
DA:56,0
DA:57,2
DA:58,0
DA:59,0
DA:60,0
DA:61,0
DA:62,0
DA:63,0
DA:64,0
DA:65,2
DA:66,0
DA:67,0
DA:68,0
DA:69,0
DA:70,0
DA:71,0
DA:72,2
DA:73,2
DA:74,2
DA:75,2
DA:76,2
DA:77,2
DA:78,2
DA:79,2
DA:80,1
DA:81,1
DA:82,0
DA:83,0
DA:84,0
DA:85,0
DA:86,0
DA:87,0
DA:88,0
DA:89,0
DA:90,0
DA:91,0
DA:92,0
DA:93,0
DA:94,0
DA:95,0
DA:96,0
DA:97,0
DA:98,0
DA:99,0
DA:100,0
DA:101,0
DA:102,0
DA:103,0
DA:104,0
DA:105,0
DA:106,0
DA:107,0
DA:108,0
DA:109,0
DA:110,0
DA:111,0
DA:112,0
DA:113,0
DA:114,0
DA:115,0
DA:116,1
DA:117,1
DA:118,0
DA:119,0
DA:120,0
DA:121,0
DA:122,0
DA:123,0
DA:124,0
DA:125,0
DA:126,0
DA:127,0
DA:128,0
DA:129,0
DA:130,0
DA:131,0
DA:132,0
DA:133,0
DA:134,0
DA:135,0
DA:136,0
DA:137,0
DA:138,0
DA:139,0
DA:140,0
DA:141,0
DA:142,0
DA:143,0
DA:144,0
DA:145,0
DA:146,0
DA:147,0
DA:148,0
DA:149,0
DA:150,0
DA:151,0
DA:152,0
DA:153,0
DA:154,1
DA:155,1
DA:156,2
DA:157,0
DA:158,2
DA:159,2
DA:160,2
DA:161,2
DA:162,1
DA:163,1
DA:164,2
DA:165,2
DA:166,2
DA:167,2
DA:168,2
DA:169,2
DA:170,0
DA:171,0
DA:172,2
DA:173,2
DA:174,2
DA:175,2
DA:176,2
DA:177,2
DA:178,2
DA:179,1
DA:180,1
DA:181,0
DA:182,0
DA:183,0
DA:184,0
DA:185,0
DA:186,1
DA:187,1
DA:188,0
DA:189,0
DA:190,0
DA:191,0
DA:192,0
DA:193,0
DA:194,0
DA:195,0
DA:196,0
DA:197,1
DA:198,1
DA:199,0
DA:200,0
DA:201,1
DA:202,1
DA:203,0
DA:204,0
DA:205,1
DA:206,1
DA:207,0
DA:208,0
DA:209,1
DA:210,1
DA:211,1
LF:211
LH:91
BRDA:4,0,0,8
BRDA:19,1,0,6
BRDA:23,2,0,2
BRDA:25,3,0,0
BRDA:35,4,0,0
BRDA:36,5,0,0
BRDA:41,6,0,2
BRDA:44,7,0,0
BRDA:44,8,0,0
BRDA:45,9,0,0
BRDA:50,10,0,2
BRDA:53,11,0,0
BRDA:55,12,0,0
BRDA:57,13,0,0
BRDA:65,14,0,0
BRDA:155,15,0,2
BRDA:156,16,0,0
BRDA:163,17,0,2
BRDA:169,18,0,0
BRF:19
BRH:7
end_of_record
TN:
SF:light-engine.ts
FN:5,log
FN:26,LightEngine
FN:35,setLayer
FN:41,clearLayer
FN:46,setSceneStack
FN:57,getSceneStack
FN:61,start
FN:81,stop
FN:96,tick
FN:136,applyFullScene
FN:151,getLastAppliedScene
FN:155,getCurrentLightValues
FN:159,getLayerTimestamps
FNF:13
FNH:8
FNDA:10,log
FNDA:6,LightEngine
FNDA:1,setLayer
FNDA:0,clearLayer
FNDA:1,setSceneStack
FNDA:2,getSceneStack
FNDA:0,start
FNDA:0,stop
FNDA:3,tick
FNDA:1,applyFullScene
FNDA:2,getLastAppliedScene
FNDA:0,getCurrentLightValues
FNDA:0,getLayerTimestamps
DA:1,1
DA:2,1
DA:3,1
DA:4,1
DA:5,10
DA:6,10
DA:7,10
DA:8,1
DA:9,1
DA:10,1
DA:11,1
DA:12,1
DA:13,1
DA:14,1
DA:15,1
DA:16,1
DA:17,1
DA:18,1
DA:19,1
DA:20,1
DA:21,1
DA:22,1
DA:23,1
DA:24,1
DA:25,1
DA:26,1
DA:27,6
DA:28,6
DA:29,6
DA:30,6
DA:31,6
DA:32,6
DA:33,6
DA:34,1
DA:35,1
DA:36,1
DA:37,1
DA:38,1
DA:39,1
DA:40,1
DA:41,1
DA:42,0
DA:43,0
DA:44,0
DA:45,1
DA:46,1
DA:47,1
DA:48,1
DA:49,1
DA:50,1
DA:51,1
DA:52,1
DA:53,0
DA:54,0
DA:55,1
DA:56,1
DA:57,1
DA:58,2
DA:59,2
DA:60,1
DA:61,1
DA:62,0
DA:63,0
DA:64,0
DA:65,0
DA:66,0
DA:67,0
DA:68,0
DA:69,0
DA:70,0
DA:71,0
DA:72,0
DA:73,0
DA:74,0
DA:75,0
DA:76,0
DA:77,0
DA:78,0
DA:79,0
DA:80,1
DA:81,1
DA:82,0
DA:83,0
DA:84,0
DA:85,0
DA:86,0
DA:87,0
DA:88,0
DA:89,0
DA:90,0
DA:91,0
DA:92,0
DA:93,0
DA:94,0
DA:95,1
DA:96,1
DA:97,3
DA:98,3
DA:99,3
DA:100,3
DA:101,3
DA:102,3
DA:103,3
DA:104,3
DA:105,3
DA:106,2
DA:107,2
DA:108,1
DA:109,1
DA:110,2
DA:111,3
DA:112,3
DA:113,3
DA:114,3
DA:115,3
DA:116,2
DA:117,2
DA:118,2
DA:119,1
DA:120,1
DA:121,1
DA:122,1
DA:123,1
DA:124,1
DA:125,1
DA:126,1
DA:127,1
DA:128,1
DA:129,1
DA:130,1
DA:131,3
DA:132,0
DA:133,0
DA:134,3
DA:135,1
DA:136,1
DA:137,1
DA:138,1
DA:139,1
DA:140,1
DA:141,1
DA:142,1
DA:143,1
DA:144,1
DA:145,1
DA:146,1
DA:147,0
DA:148,0
DA:149,1
DA:150,1
DA:151,1
DA:152,2
DA:153,2
DA:154,1
DA:155,1
DA:156,0
DA:157,0
DA:158,1
DA:159,1
DA:160,0
DA:161,0
DA:162,0
DA:163,0
DA:164,0
DA:165,0
DA:166,1
DA:167,1
DA:168,1
LF:168
LH:120
BRDA:5,0,0,10
BRDA:26,1,0,6
BRDA:29,2,0,0
BRDA:35,3,0,1
BRDA:46,4,0,1
BRDA:52,5,0,0
BRDA:57,6,0,2
BRDA:96,7,0,3
BRDA:97,8,0,1
BRDA:105,9,0,2
BRDA:107,10,0,1
BRDA:115,11,0,2
BRDA:119,12,0,1
BRDA:131,13,0,0
BRDA:136,14,0,1
BRDA:146,15,0,0
BRDA:151,16,0,2
BRF:17
BRH:13
end_of_record
TN:
SF:scene-manager.ts
FN:8,log
FN:35,parseDuration
FN:53,isEqualSetting
FN:83,isAnimation
FN:87,isEqualAnimation
FN:107,lerp
FN:111,lerpHue
FN:120,promoteSetting
FN:134,interpolateLinear
FN:155,interpolateStep
FN:159,interpolate
FN:173,findVariable
FN:187,getVariable
FN:193,getJsonVariable
FN:197,getScenePriorities
FN:201,getSceneArrangement
FN:205,getSceneFromJson
FN:209,getJsonFromScene
FN:213,getSceneFromString
FN:233,parseLightValue
FN:356,parseSimpleValue
FN:373,getRgbVectorFromRgbString
FN:390,getHueSaturationLightnessFromRgb
FN:416,layerScenes
FN:429,flattenStack
FN:441,evaluateLayer
FN:454,flattenLayers
FN:481,getSceneOrdering
FN:511,getChanges
FN:528,eval
FN:580,evalAtTimestamp
FN:584,updateStack
FNF:32
FNH:18
FNDA:0,log
FNDA:13,parseDuration
FNDA:9,isEqualSetting
FNDA:19,isAnimation
FNDA:0,isEqualAnimation
FNDA:0,lerp
FNDA:0,lerpHue
FNDA:0,promoteSetting
FNDA:0,interpolateLinear
FNDA:0,interpolateStep
FNDA:0,interpolate
FNDA:0,findVariable
FNDA:0,getVariable
FNDA:0,getJsonVariable
FNDA:0,getScenePriorities
FNDA:0,getSceneArrangement
FNDA:20,getSceneFromJson
FNDA:8,getJsonFromScene
FNDA:9,getSceneFromString
FNDA:36,parseLightValue
FNDA:37,parseSimpleValue
FNDA:30,getRgbVectorFromRgbString
FNDA:10,getHueSaturationLightnessFromRgb
FNDA:20,layerScenes
FNDA:7,flattenStack
FNDA:1,evaluateLayer
FNDA:3,flattenLayers
FNDA:3,getSceneOrdering
FNDA:8,getChanges
FNDA:1,eval
FNDA:0,evalAtTimestamp
FNDA:3,updateStack
DA:1,1
DA:2,1
DA:3,1
DA:4,1
DA:5,1
DA:6,1
DA:7,1
DA:8,0
DA:9,0
DA:10,0
DA:11,1
DA:12,1
DA:13,1
DA:14,1
DA:15,1
DA:16,1
DA:17,1
DA:18,1
DA:19,1
DA:20,1
DA:21,1
DA:22,1
DA:23,1
DA:24,1
DA:25,1
DA:26,1
DA:27,1
DA:28,1
DA:29,1
DA:30,1
DA:31,1
DA:32,1
DA:33,1
DA:34,1
DA:35,13
DA:36,13
DA:37,13
DA:38,0
DA:39,0
DA:40,13
DA:41,13
DA:42,13
DA:43,13
DA:44,13
DA:45,13
DA:46,13
DA:47,13
DA:48,13
DA:49,13
DA:50,13
DA:51,13
DA:52,1
DA:53,9
DA:54,9
DA:55,2
DA:56,2
DA:57,7
DA:58,9
DA:59,0
DA:60,0
DA:61,7
DA:62,9
DA:63,2
DA:64,2
DA:65,5
DA:66,8
DA:67,0
DA:68,0
DA:69,5
DA:70,8
DA:71,0
DA:72,0
DA:73,5
DA:74,5
DA:75,5
DA:76,4
DA:77,4
DA:78,5
DA:79,1
DA:80,1
DA:81,1
DA:82,1
DA:83,19
DA:84,19
DA:85,19
DA:86,1
DA:87,0
DA:88,0
DA:89,0
DA:90,0
DA:91,0
DA:92,0
DA:93,0
DA:94,0
DA:95,0
DA:96,0
DA:97,0
DA:98,0
DA:99,0
DA:100,0
DA:101,0
DA:102,0
DA:103,0
DA:104,1
DA:105,1
DA:106,1
DA:107,0
DA:108,0
DA:109,0
DA:110,1
DA:111,0
DA:112,0
DA:113,0
DA:114,0
DA:115,0
DA:116,0
DA:117,0
DA:118,0
DA:119,1
DA:120,0
DA:121,0
DA:122,0
DA:123,0
DA:124,0
DA:125,0
DA:126,0
DA:127,0
DA:128,0
DA:129,0
DA:130,0
DA:131,0
DA:132,0
DA:133,1
DA:134,0
DA:135,0
DA:136,0
DA:137,0
DA:138,0
DA:139,0
DA:140,0
DA:141,0
DA:142,0
DA:143,0
DA:144,0
DA:145,0
DA:146,0
DA:147,0
DA:148,0
DA:149,0
DA:150,0
DA:151,0
DA:152,0
DA:153,0
DA:154,1
DA:155,0
DA:156,0
DA:157,0
DA:158,1
DA:159,0
DA:160,0
DA:161,0
DA:162,0
DA:163,0
DA:164,0
DA:165,0
DA:166,0
DA:167,0
DA:168,0
DA:169,0
DA:170,1
DA:171,1
DA:172,1
DA:173,1
DA:174,0
DA:175,0
DA:176,0
DA:177,0
DA:178,0
DA:179,0
DA:180,0
DA:181,0
DA:182,0
DA:183,0
DA:184,0
DA:185,0
DA:186,1
DA:187,1
DA:188,0
DA:189,0
DA:190,0
DA:191,0
DA:192,1
DA:193,1
DA:194,0
DA:195,0
DA:196,1
DA:197,1
DA:198,0
DA:199,0
DA:200,1
DA:201,1
DA:202,0
DA:203,0
DA:204,1
DA:205,1
DA:206,20
DA:207,20
DA:208,1
DA:209,1
DA:210,8
DA:211,8
DA:212,1
DA:213,1
DA:214,9
DA:215,9
DA:216,9
DA:217,9
DA:218,9
DA:219,21
DA:220,21
DA:221,0
DA:222,0
DA:223,21
DA:224,21
DA:225,21
DA:226,21
DA:227,21
DA:228,21
DA:229,21
DA:230,9
DA:231,9
DA:232,1
DA:233,1
DA:234,36
DA:235,0
DA:236,0
DA:237,36
DA:238,36
DA:239,36
DA:240,36
DA:241,25
DA:242,25
DA:243,11
DA:244,36
DA:245,36
DA:246,36
DA:247,36
DA:248,36
DA:249,36
DA:250,36
DA:251,34
DA:252,34
DA:253,34
DA:254,34
DA:255,34
DA:256,2
DA:257,2
DA:258,2
DA:259,2
DA:260,32
DA:261,32
DA:262,32
DA:263,34
DA:264,11
DA:265,11
DA:266,11
DA:267,11
DA:268,21
DA:269,34
DA:270,9
DA:271,9
DA:272,9
DA:273,9
DA:274,12
DA:275,12
DA:276,12
DA:277,12
DA:278,12
DA:279,12
DA:280,12
DA:281,0
DA:282,0
DA:283,0
DA:284,11
DA:285,11
DA:286,11
DA:287,11
DA:288,35
DA:289,34
DA:290,34
DA:291,34
DA:292,34
DA:293,34
DA:294,34
DA:295,34
DA:296,34
DA:297,22
DA:298,22
DA:299,22
DA:300,9
DA:301,9
DA:302,9
DA:303,13
DA:304,13
DA:305,22
DA:306,22
DA:307,22
DA:308,13
DA:309,13
DA:310,13
DA:311,22
DA:312,22
DA:313,22
DA:314,6
DA:315,6
DA:316,6
DA:317,1
DA:318,1
DA:319,6
DA:320,5
DA:321,5
DA:322,6
DA:323,6
DA:324,13
DA:325,13
DA:326,13
DA:327,12
DA:328,12
DA:329,34
DA:330,34
DA:331,34
DA:332,34
DA:333,34
DA:334,34
DA:335,34
DA:336,34
DA:337,3
DA:338,1
DA:339,1
DA:340,3
DA:341,2
DA:342,2
DA:343,3
DA:344,3
DA:345,12
DA:346,12
DA:347,12
DA:348,11
DA:349,11
DA:350,11
DA:351,11
DA:352,0
DA:353,0
DA:354,0
DA:355,1
DA:356,1
DA:357,37
DA:358,2
DA:359,37
DA:360,3
DA:361,35
DA:362,7
DA:363,32
DA:364,25
DA:365,25
DA:366,6
DA:367,25
DA:368,19
DA:369,19
DA:370,25
DA:371,37
DA:372,1
DA:373,1
DA:374,30
DA:375,9
DA:376,9
DA:377,9
DA:378,9
DA:379,30
DA:380,5
DA:381,5
DA:382,5
DA:383,30
DA:384,16
DA:385,16
DA:386,16
DA:387,0
DA:388,0
DA:389,1
DA:390,1
DA:391,10
DA:392,10
DA:393,10
DA:394,10
DA:395,10
DA:396,10
DA:397,10
DA:398,10
DA:399,10
DA:400,10
DA:401,10
DA:402,8
DA:403,7
DA:404,8
DA:405,0
DA:406,1
DA:407,1
DA:408,1
DA:409,8
DA:410,8
DA:411,8
DA:412,10
DA:413,10
DA:414,10
DA:415,1
DA:416,1
DA:417,20
DA:418,20
DA:419,32
DA:420,32
DA:421,3
DA:422,32
DA:423,29
DA:424,29
DA:425,32
DA:426,20
DA:427,20
DA:428,1
DA:429,1
DA:430,7
DA:431,7
DA:432,18
DA:433,18
DA:434,16
DA:435,16
DA:436,16
DA:437,18
DA:438,7
DA:439,7
DA:440,1
DA:441,1
DA:442,1
DA:443,1
DA:444,1
DA:445,1
DA:446,1
DA:447,1
DA:448,0
DA:449,0
DA:450,1
DA:451,1
DA:452,1
DA:453,1
DA:454,1
DA:455,3
DA:456,3
DA:457,3
DA:458,3
DA:459,1
DA:460,1
DA:461,1
DA:462,1
DA:463,3
DA:464,3
DA:465,3
DA:466,1
DA:467,1
DA:468,1
DA:469,1
DA:470,1
DA:471,1
DA:472,1
DA:473,1
DA:474,0
DA:475,0
DA:476,1
DA:477,3
DA:478,3
DA:479,3
DA:480,1
DA:481,1
DA:482,3
DA:483,3
DA:484,3
DA:485,3
DA:486,4
DA:487,4
DA:488,7
DA:489,5
DA:490,5
DA:491,5
DA:492,7
DA:493,4
DA:494,4
DA:495,4
DA:496,4
DA:497,3
DA:498,3
DA:499,1
DA:500,1
DA:501,3
DA:502,2
DA:503,2
DA:504,3
DA:505,1
DA:506,1
DA:507,3
DA:508,3
DA:509,3
DA:510,1
DA:511,1
DA:512,8
DA:513,8
DA:514,9
DA:515,9
DA:516,9
DA:517,9
DA:518,0
DA:519,0
DA:520,0
DA:521,9
DA:522,8
DA:523,8
DA:524,9
DA:525,8
DA:526,8
DA:527,1
DA:528,1
DA:529,1
DA:530,1
DA:531,1
DA:532,0
DA:533,0
DA:534,0
DA:535,0
DA:536,0
DA:537,0
DA:538,0
DA:539,0
DA:540,0
DA:541,0
DA:542,0
DA:543,0
DA:544,0
DA:545,0
DA:546,0
DA:547,0
DA:548,1
DA:549,1
DA:550,1
DA:551,0
DA:552,0
DA:553,0
DA:554,0
DA:555,0
DA:556,0
DA:557,0
DA:558,0
DA:559,0
DA:560,0
DA:561,0
DA:562,0
DA:563,0
DA:564,0
DA:565,0
DA:566,0
DA:567,0
DA:568,0
DA:569,0
DA:570,0
DA:571,0
DA:572,0
DA:573,0
DA:574,0
DA:575,0
DA:576,0
DA:577,0
DA:578,0
DA:579,1
DA:580,1
DA:581,0
DA:582,0
DA:583,1
DA:584,1
DA:585,3
DA:586,3
DA:587,3
DA:588,3
DA:589,3
DA:590,3
DA:591,3
DA:592,3
DA:593,3
DA:594,3
DA:595,1
DA:596,3
DA:597,2
DA:598,2
DA:599,2
DA:600,2
DA:601,2
DA:602,3
DA:603,3
DA:604,3
DA:605,1
DA:606,1
DA:607,1
DA:608,1
LF:608
LH:434
BRDA:35,0,0,13
BRDA:37,1,0,0
BRDA:42,2,0,3
BRDA:45,3,0,4
BRDA:46,4,0,8
BRDA:47,5,0,0
BRDA:48,6,0,1
BRDA:49,7,0,0
BRDA:53,8,0,9
BRDA:54,9,0,7
BRDA:54,10,0,2
BRDA:57,11,0,7
BRDA:58,12,0,8
BRDA:58,13,0,0
BRDA:61,14,0,7
BRDA:62,15,0,6
BRDA:62,16,0,8
BRDA:62,17,0,2
BRDA:65,18,0,5
BRDA:66,19,0,0
BRDA:69,20,0,5
BRDA:70,21,0,0
BRDA:73,22,0,5
BRDA:75,23,0,4
BRDA:79,24,0,1
BRDA:83,25,0,19
BRDA:84,26,0,13
BRDA:84,27,0,0
BRDA:205,28,0,20
BRDA:209,29,0,8
BRDA:213,30,0,9
BRDA:218,31,0,21
BRDA:220,32,0,0
BRDA:233,33,0,36
BRDA:234,34,0,0
BRDA:240,35,0,25
BRDA:243,36,0,35
BRDA:243,37,0,11
BRDA:244,38,0,6
BRDA:250,39,0,35
BRDA:250,40,0,34
BRDA:255,41,0,2
BRDA:260,42,0,32
BRDA:263,43,0,11
BRDA:268,44,0,21
BRDA:269,45,0,13
BRDA:269,46,0,9
BRDA:274,47,0,12
BRDA:281,48,0,0
BRDA:284,49,0,11
BRDA:288,50,0,34
BRDA:296,51,0,32
BRDA:296,52,0,21
BRDA:296,53,0,20
BRDA:296,54,0,22
BRDA:297,55,0,19
BRDA:299,56,0,21
BRDA:299,57,0,9
BRDA:303,58,0,13
BRDA:305,59,0,3
BRDA:305,60,0,0
BRDA:307,61,0,13
BRDA:311,62,0,5
BRDA:313,63,0,10
BRDA:313,64,0,6
BRDA:313,65,0,6
BRDA:316,66,0,5
BRDA:316,67,0,5
BRDA:316,68,0,1
BRDA:319,69,0,5
BRDA:324,70,0,13
BRDA:327,71,0,12
BRDA:329,72,0,11
BRDA:333,73,0,11
BRDA:336,74,0,3
BRDA:337,75,0,1
BRDA:340,76,0,2
BRDA:345,77,0,12
BRDA:348,78,0,11
BRDA:352,79,0,0
BRDA:356,80,0,37
BRDA:357,81,0,2
BRDA:359,82,0,35
BRDA:359,83,0,3
BRDA:361,84,0,32
BRDA:361,85,0,7
BRDA:363,86,0,25
BRDA:365,87,0,6
BRDA:367,88,0,19
BRDA:373,89,0,30
BRDA:374,90,0,9
BRDA:379,91,0,21
BRDA:379,92,0,5
BRDA:383,93,0,16
BRDA:387,94,0,0
BRDA:390,95,0,10
BRDA:400,96,0,2
BRDA:401,97,0,8
BRDA:402,98,0,7
BRDA:404,99,0,1
BRDA:404,100,0,0
BRDA:416,101,0,20
BRDA:418,102,0,32
BRDA:420,103,0,3
BRDA:422,104,0,29
BRDA:429,105,0,7
BRDA:431,106,0,18
BRDA:433,107,0,16
BRDA:441,108,0,1
BRDA:447,109,0,0
BRDA:454,110,0,3
BRDA:458,111,0,1
BRDA:465,112,0,1
BRDA:473,113,0,0
BRDA:455,114,0,1
BRDA:481,115,0,3
BRDA:485,116,0,4
BRDA:487,117,0,7
BRDA:488,118,0,5
BRDA:498,119,0,1
BRDA:500,120,0,3
BRDA:501,121,0,2
BRDA:511,122,0,8
BRDA:513,123,0,9
BRDA:517,124,0,0
BRDA:521,125,0,8
BRDA:528,126,0,1
BRDA:532,127,0,0
BRDA:548,128,0,0
BRDA:550,129,0,0
BRDA:584,130,0,3
BRDA:594,131,0,2
BRDA:594,132,0,1
BRDA:596,133,0,2
BRF:134
BRH:114
end_of_record
