TN:
SF:light-controller.ts
FN:4,log
FN:8,wait
FN:18,LightController
FN:22,setCapabilityFloat
FN:40,setOnOff
FN:49,applySimpleSetting
FN:80,applyAnimation
FN:116,applyTransition
FN:154,applySetting
FN:162,applyScene
FN:179,cancelAllAnimations
FN:186,getLights
FNF:12
FNH:7
FNDA:8,log
FNDA:0,wait
FNDA:6,LightController
FNDA:2,setCapabilityFloat
FNDA:2,setOnOff
FNDA:2,applySimpleSetting
FNDA:0,applyAnimation
FNDA:0,applyTransition
FNDA:2,applySetting
FNDA:2,applyScene
FNDA:0,cancelAllAnimations
FNDA:0,getLights
DA:1,1
DA:2,1
DA:3,1
DA:4,8
DA:5,8
DA:6,8
DA:7,1
DA:8,0
DA:9,0
DA:10,0
DA:11,0
DA:12,0
DA:13,1
DA:14,1
DA:15,1
DA:16,1
DA:17,1
DA:18,1
DA:19,6
DA:20,6
DA:21,1
DA:22,1
DA:23,2
DA:24,2
DA:25,0
DA:26,0
DA:27,0
DA:28,2
DA:29,2
DA:30,2
DA:31,2
DA:32,2
DA:33,2
DA:34,2
DA:35,2
DA:36,0
DA:37,0
DA:38,2
DA:39,1
DA:40,1
DA:41,2
DA:42,2
DA:43,2
DA:44,2
DA:45,0
DA:46,0
DA:47,2
DA:48,1
DA:49,1
DA:50,2
DA:51,2
DA:52,2
DA:53,0
DA:54,2
DA:55,0
DA:56,2
DA:57,0
DA:58,0
DA:59,0
DA:60,0
DA:61,0
DA:62,0
DA:63,0
DA:64,2
DA:65,0
DA:66,0
DA:67,0
DA:68,0
DA:69,0
DA:70,0
DA:71,2
DA:72,2
DA:73,2
DA:74,2
DA:75,2
DA:76,2
DA:77,2
DA:78,2
DA:79,1
DA:80,1
DA:81,0
DA:82,0
DA:83,0
DA:84,0
DA:85,0
DA:86,0
DA:87,0
DA:88,0
DA:89,0
DA:90,0
DA:91,0
DA:92,0
DA:93,0
DA:94,0
DA:95,0
DA:96,0
DA:97,0
DA:98,0
DA:99,0
DA:100,0
DA:101,0
DA:102,0
DA:103,0
DA:104,0
DA:105,0
DA:106,0
DA:107,0
DA:108,0
DA:109,0
DA:110,0
DA:111,0
DA:112,0
DA:113,0
DA:114,0
DA:115,1
DA:116,1
DA:117,0
DA:118,0
DA:119,0
DA:120,0
DA:121,0
DA:122,0
DA:123,0
DA:124,0
DA:125,0
DA:126,0
DA:127,0
DA:128,0
DA:129,0
DA:130,0
DA:131,0
DA:132,0
DA:133,0
DA:134,0
DA:135,0
DA:136,0
DA:137,0
DA:138,0
DA:139,0
DA:140,0
DA:141,0
DA:142,0
DA:143,0
DA:144,0
DA:145,0
DA:146,0
DA:147,0
DA:148,0
DA:149,0
DA:150,0
DA:151,0
DA:152,0
DA:153,1
DA:154,1
DA:155,2
DA:156,0
DA:157,2
DA:158,2
DA:159,2
DA:160,2
DA:161,1
DA:162,1
DA:163,2
DA:164,2
DA:165,2
DA:166,2
DA:167,2
DA:168,2
DA:169,0
DA:170,0
DA:171,2
DA:172,2
DA:173,2
DA:174,2
DA:175,2
DA:176,2
DA:177,2
DA:178,1
DA:179,1
DA:180,0
DA:181,0
DA:182,0
DA:183,0
DA:184,0
DA:185,1
DA:186,1
DA:187,0
DA:188,0
DA:189,1
DA:190,1
DA:191,1
LF:191
LH:84
BRDA:4,0,0,8
BRDA:18,1,0,6
BRDA:22,2,0,2
BRDA:24,3,0,0
BRDA:35,4,0,0
BRDA:40,5,0,2
BRDA:43,6,0,0
BRDA:44,7,0,0
BRDA:49,8,0,2
BRDA:52,9,0,0
BRDA:54,10,0,0
BRDA:56,11,0,0
BRDA:64,12,0,0
BRDA:154,13,0,2
BRDA:155,14,0,0
BRDA:162,15,0,2
BRDA:168,16,0,0
BRF:17
BRH:7
end_of_record
TN:
SF:light-engine.ts
FN:5,log
FN:24,LightEngine
FN:33,setSceneStack
FN:44,getSceneStack
FN:48,start
FN:68,stop
FN:83,tick
FN:111,applyFullScene
FN:126,getLastAppliedScene
FNF:9
FNH:7
FNDA:13,log
FNDA:6,LightEngine
FNDA:2,setSceneStack
FNDA:5,getSceneStack
FNDA:0,start
FNDA:0,stop
FNDA:3,tick
FNDA:1,applyFullScene
FNDA:2,getLastAppliedScene
DA:1,1
DA:2,1
DA:3,1
DA:4,1
DA:5,13
DA:6,13
DA:7,13
DA:8,1
DA:9,1
DA:10,1
DA:11,1
DA:12,1
DA:13,1
DA:14,1
DA:15,1
DA:16,1
DA:17,1
DA:18,1
DA:19,1
DA:20,1
DA:21,1
DA:22,1
DA:23,1
DA:24,1
DA:25,6
DA:26,6
DA:27,6
DA:28,6
DA:29,6
DA:30,6
DA:31,6
DA:32,1
DA:33,1
DA:34,2
DA:35,2
DA:36,2
DA:37,2
DA:38,2
DA:39,2
DA:40,0
DA:41,0
DA:42,2
DA:43,1
DA:44,1
DA:45,5
DA:46,5
DA:47,1
DA:48,1
DA:49,0
DA:50,0
DA:51,0
DA:52,0
DA:53,0
DA:54,0
DA:55,0
DA:56,0
DA:57,0
DA:58,0
DA:59,0
DA:60,0
DA:61,0
DA:62,0
DA:63,0
DA:64,0
DA:65,0
DA:66,0
DA:67,1
DA:68,1
DA:69,0
DA:70,0
DA:71,0
DA:72,0
DA:73,0
DA:74,0
DA:75,0
DA:76,0
DA:77,0
DA:78,0
DA:79,0
DA:80,0
DA:81,0
DA:82,1
DA:83,1
DA:84,3
DA:85,3
DA:86,3
DA:87,3
DA:88,3
DA:89,3
DA:90,3
DA:91,3
DA:92,3
DA:93,3
DA:94,3
DA:95,3
DA:96,2
DA:97,2
DA:98,2
DA:99,1
DA:100,1
DA:101,1
DA:102,1
DA:103,1
DA:104,1
DA:105,1
DA:106,3
DA:107,0
DA:108,0
DA:109,3
DA:110,1
DA:111,1
DA:112,1
DA:113,1
DA:114,1
DA:115,1
DA:116,1
DA:117,1
DA:118,1
DA:119,1
DA:120,1
DA:121,1
DA:122,0
DA:123,0
DA:124,1
DA:125,1
DA:126,1
DA:127,2
DA:128,2
DA:129,1
DA:130,1
DA:131,1
LF:131
LH:94
BRDA:5,0,0,13
BRDA:24,1,0,6
BRDA:27,2,0,0
BRDA:33,3,0,2
BRDA:39,4,0,0
BRDA:44,5,0,5
BRDA:83,6,0,3
BRDA:95,7,0,2
BRDA:99,8,0,1
BRDA:106,9,0,0
BRDA:111,10,0,1
BRDA:121,11,0,0
BRDA:126,12,0,2
BRF:13
BRH:9
end_of_record
TN:
SF:scene-manager.ts
FN:8,log
FN:35,parseDuration
FN:53,isEqualSetting
FN:83,isAnimation
FN:87,isEqualAnimation
FN:107,findVariable
FN:121,getVariable
FN:127,getJsonVariable
FN:131,getScenePriorities
FN:135,getSceneArrangement
FN:139,getSceneFromJson
FN:143,getJsonFromScene
FN:147,getSceneFromString
FN:167,parseLightValue
FN:244,parseSimpleValue
FN:261,getRgbVectorFromRgbString
FN:278,getHueSaturationLightnessFromRgb
FN:304,layerScenes
FN:317,flattenStack
FN:329,getSceneOrdering
FN:359,getChanges
FN:376,updateStack
FNF:22
FNH:14
FNDA:0,log
FNDA:0,parseDuration
FNDA:9,isEqualSetting
FNDA:18,isAnimation
FNDA:0,isEqualAnimation
FNDA:0,findVariable
FNDA:0,getVariable
FNDA:0,getJsonVariable
FNDA:0,getScenePriorities
FNDA:0,getSceneArrangement
FNDA:21,getSceneFromJson
FNDA:8,getJsonFromScene
FNDA:8,getSceneFromString
FNDA:24,parseLightValue
FNDA:24,parseSimpleValue
FNDA:19,getRgbVectorFromRgbString
FNDA:10,getHueSaturationLightnessFromRgb
FNDA:21,layerScenes
FNDA:10,flattenStack
FNDA:3,getSceneOrdering
FNDA:8,getChanges
FNDA:3,updateStack
DA:1,1
DA:2,1
DA:3,1
DA:4,1
DA:5,1
DA:6,1
DA:7,1
DA:8,0
DA:9,0
DA:10,0
DA:11,1
DA:12,1
DA:13,1
DA:14,1
DA:15,1
DA:16,1
DA:17,1
DA:18,1
DA:19,1
DA:20,1
DA:21,1
DA:22,1
DA:23,1
DA:24,1
DA:25,1
DA:26,1
DA:27,1
DA:28,1
DA:29,1
DA:30,1
DA:31,1
DA:32,1
DA:33,1
DA:34,1
DA:35,0
DA:36,0
DA:37,0
DA:38,0
DA:39,0
DA:40,0
DA:41,0
DA:42,0
DA:43,0
DA:44,0
DA:45,0
DA:46,0
DA:47,0
DA:48,0
DA:49,0
DA:50,0
DA:51,0
DA:52,1
DA:53,9
DA:54,9
DA:55,2
DA:56,2
DA:57,7
DA:58,9
DA:59,0
DA:60,0
DA:61,7
DA:62,9
DA:63,2
DA:64,2
DA:65,5
DA:66,8
DA:67,0
DA:68,0
DA:69,5
DA:70,8
DA:71,0
DA:72,0
DA:73,5
DA:74,5
DA:75,5
DA:76,4
DA:77,4
DA:78,5
DA:79,1
DA:80,1
DA:81,1
DA:82,1
DA:83,18
DA:84,18
DA:85,18
DA:86,1
DA:87,0
DA:88,0
DA:89,0
DA:90,0
DA:91,0
DA:92,0
DA:93,0
DA:94,0
DA:95,0
DA:96,0
DA:97,0
DA:98,0
DA:99,0
DA:100,0
DA:101,0
DA:102,0
DA:103,0
DA:104,1
DA:105,1
DA:106,1
DA:107,1
DA:108,0
DA:109,0
DA:110,0
DA:111,0
DA:112,0
DA:113,0
DA:114,0
DA:115,0
DA:116,0
DA:117,0
DA:118,0
DA:119,0
DA:120,1
DA:121,1
DA:122,0
DA:123,0
DA:124,0
DA:125,0
DA:126,1
DA:127,1
DA:128,0
DA:129,0
DA:130,1
DA:131,1
DA:132,0
DA:133,0
DA:134,1
DA:135,1
DA:136,0
DA:137,0
DA:138,1
DA:139,1
DA:140,21
DA:141,21
DA:142,1
DA:143,1
DA:144,8
DA:145,8
DA:146,1
DA:147,1
DA:148,8
DA:149,8
DA:150,8
DA:151,8
DA:152,8
DA:153,20
DA:154,20
DA:155,0
DA:156,0
DA:157,20
DA:158,20
DA:159,20
DA:160,20
DA:161,20
DA:162,20
DA:163,20
DA:164,8
DA:165,8
DA:166,1
DA:167,1
DA:168,24
DA:169,24
DA:170,24
DA:171,24
DA:172,24
DA:173,24
DA:174,0
DA:175,0
DA:176,0
DA:177,0
DA:178,0
DA:179,0
DA:180,0
DA:181,0
DA:182,0
DA:183,0
DA:184,0
DA:185,0
DA:186,0
DA:187,0
DA:188,0
DA:189,0
DA:190,0
DA:191,0
DA:192,0
DA:193,0
DA:194,0
DA:195,0
DA:196,0
DA:197,0
DA:198,0
DA:199,0
DA:200,0
DA:201,0
DA:202,0
DA:203,0
DA:204,0
DA:205,0
DA:206,0
DA:207,0
DA:208,0
DA:209,0
DA:210,0
DA:211,0
DA:212,0
DA:213,0
DA:214,0
DA:215,0
DA:216,0
DA:217,0
DA:218,0
DA:219,0
DA:220,0
DA:221,0
DA:222,0
DA:223,0
DA:224,0
DA:225,0
DA:226,0
DA:227,0
DA:228,0
DA:229,0
DA:230,0
DA:231,0
DA:232,0
DA:233,0
DA:234,0
DA:235,0
DA:236,0
DA:237,0
DA:238,0
DA:239,0
DA:240,24
DA:241,24
DA:242,24
DA:243,1
DA:244,1
DA:245,24
DA:246,2
DA:247,24
DA:248,2
DA:249,22
DA:250,6
DA:251,20
DA:252,14
DA:253,14
DA:254,6
DA:255,14
DA:256,8
DA:257,8
DA:258,14
DA:259,24
DA:260,1
DA:261,1
DA:262,19
DA:263,9
DA:264,9
DA:265,9
DA:266,9
DA:267,19
DA:268,5
DA:269,5
DA:270,5
DA:271,5
DA:272,5
DA:273,5
DA:274,5
DA:275,0
DA:276,0
DA:277,1
DA:278,1
DA:279,10
DA:280,10
DA:281,10
DA:282,10
DA:283,10
DA:284,10
DA:285,10
DA:286,10
DA:287,10
DA:288,10
DA:289,10
DA:290,8
DA:291,7
DA:292,8
DA:293,0
DA:294,1
DA:295,1
DA:296,1
DA:297,8
DA:298,8
DA:299,8
DA:300,10
DA:301,10
DA:302,10
DA:303,1
DA:304,1
DA:305,21
DA:306,21
DA:307,33
DA:308,33
DA:309,3
DA:310,33
DA:311,30
DA:312,30
DA:313,33
DA:314,21
DA:315,21
DA:316,1
DA:317,1
DA:318,10
DA:319,10
DA:320,20
DA:321,20
DA:322,17
DA:323,17
DA:324,17
DA:325,20
DA:326,10
DA:327,10
DA:328,1
DA:329,1
DA:330,3
DA:331,3
DA:332,3
DA:333,3
DA:334,4
DA:335,4
DA:336,7
DA:337,5
DA:338,5
DA:339,5
DA:340,7
DA:341,4
DA:342,4
DA:343,4
DA:344,4
DA:345,3
DA:346,3
DA:347,1
DA:348,1
DA:349,3
DA:350,2
DA:351,2
DA:352,3
DA:353,1
DA:354,1
DA:355,3
DA:356,3
DA:357,3
DA:358,1
DA:359,1
DA:360,8
DA:361,8
DA:362,9
DA:363,9
DA:364,9
DA:365,9
DA:366,0
DA:367,0
DA:368,0
DA:369,9
DA:370,8
DA:371,8
DA:372,9
DA:373,8
DA:374,8
DA:375,1
DA:376,1
DA:377,3
DA:378,3
DA:379,3
DA:380,3
DA:381,3
DA:382,3
DA:383,3
DA:384,3
DA:385,3
DA:386,3
DA:387,1
DA:388,3
DA:389,2
DA:390,2
DA:391,2
DA:392,2
DA:393,2
DA:394,3
DA:395,3
DA:396,3
DA:397,1
DA:398,1
DA:399,1
DA:400,1
LF:400
LH:261
BRDA:53,0,0,9
BRDA:54,1,0,7
BRDA:54,2,0,2
BRDA:57,3,0,7
BRDA:58,4,0,8
BRDA:58,5,0,0
BRDA:61,6,0,7
BRDA:62,7,0,6
BRDA:62,8,0,8
BRDA:62,9,0,2
BRDA:65,10,0,5
BRDA:66,11,0,0
BRDA:69,12,0,5
BRDA:70,13,0,0
BRDA:73,14,0,5
BRDA:75,15,0,4
BRDA:79,16,0,1
BRDA:83,17,0,18
BRDA:84,18,0,12
BRDA:84,19,0,0
BRDA:139,20,0,21
BRDA:143,21,0,8
BRDA:147,22,0,8
BRDA:152,23,0,20
BRDA:154,24,0,0
BRDA:167,25,0,24
BRDA:173,26,0,0
BRDA:244,27,0,24
BRDA:245,28,0,2
BRDA:247,29,0,22
BRDA:247,30,0,2
BRDA:249,31,0,20
BRDA:249,32,0,6
BRDA:251,33,0,14
BRDA:253,34,0,6
BRDA:255,35,0,8
BRDA:261,36,0,19
BRDA:262,37,0,9
BRDA:267,38,0,10
BRDA:267,39,0,5
BRDA:275,40,0,0
BRDA:278,41,0,10
BRDA:288,42,0,2
BRDA:289,43,0,8
BRDA:290,44,0,7
BRDA:292,45,0,1
BRDA:292,46,0,0
BRDA:304,47,0,21
BRDA:306,48,0,33
BRDA:308,49,0,3
BRDA:310,50,0,30
BRDA:317,51,0,10
BRDA:319,52,0,20
BRDA:321,53,0,17
BRDA:329,54,0,3
BRDA:333,55,0,4
BRDA:335,56,0,7
BRDA:336,57,0,5
BRDA:346,58,0,1
BRDA:348,59,0,3
BRDA:349,60,0,2
BRDA:359,61,0,8
BRDA:361,62,0,9
BRDA:365,63,0,0
BRDA:369,64,0,8
BRDA:376,65,0,3
BRDA:386,66,0,2
BRDA:386,67,0,1
BRDA:388,68,0,2
BRF:69
BRH:60
end_of_record
